number,title,created_at,closed_at
34837,Rails 6 master - callback :verify_authenticity_token has not been defined,2019-01-01T22:29:05Z,2019-04-11T09:48:51Z
34839,Remote form submit requests not rendering response when there's validation errors,2019-01-02T03:37:45Z,2019-01-02T07:05:30Z
34840,[Rails 6 alpha] Sprockets::FileNotFound ,2019-01-02T07:06:14Z,2019-01-02T07:15:42Z
34847,Files with + characted are not served from asset line.,2019-01-03T00:13:35Z,2019-01-03T03:26:25Z
34848,[ActionCable] Websocket connection issues with Firefox,2019-01-03T05:04:20Z,2019-02-27T17:30:04Z
34850,ActiveRecord Calculations average returns 0 instead of `nil` when there are no rows,2019-01-03T10:38:33Z,2019-01-04T01:32:38Z
34853,uninitialized constant ActiveRecord::AttributeSet,2019-01-03T14:11:19Z,2019-01-03T20:37:27Z
34854,Rails 6.0.0alpha - routing constraints differ in than Rails 5.2.2,2019-01-03T17:06:35Z,2019-01-03T23:28:24Z
34856,"add_reference indexes when index option is omitted, but should default to index: false behavior",2019-01-03T20:41:10Z,2019-04-14T23:40:15Z
34859,Changing a Polymorphic Associations Doesn't Update both the ID and Type Together Always,2019-01-04T03:34:03Z,2019-07-23T12:06:58Z
34861,AttributeError at /api/ Got AttributeError when attempting to get a value for field `educations` on serializer `ProfileSe`. The serializer field might be named incorrectly and not match any attribute or key on the `Profile` instance. Original exception text was: 'Profile' object has no attribute 'educations'.,2019-01-04T12:25:18Z,2019-01-05T00:58:50Z
34868,Unexpected behaviour of `class_attribute` from `ActiveSupport`,2019-01-04T19:48:23Z,2019-01-04T19:58:46Z
34869,Foreign Key Error,2019-01-04T19:50:07Z,2019-01-19T02:01:51Z
34872,The direct method can't be used inside a routes scope block,2019-01-04T20:26:14Z,2019-01-09T14:38:15Z
34881,Action Text is missing after the repo was archived,2019-01-05T21:07:39Z,2019-01-05T23:16:35Z
34887,Rails 5.2.2 ActiveRecord Model extra nil args,2019-01-07T05:02:04Z,2019-01-07T05:22:30Z
34888,activesupport on ruby 2.6 | using 1.hour in step gets slow,2019-01-07T14:54:01Z,2019-01-09T17:28:01Z
34889,"Relation with `.select(...)`, `.joins(...)` and `.includes(...)` doesn't add extra selects to attributes hash",2019-01-07T15:27:51Z,2019-12-09T18:30:13Z
34895,comparing time attributes against date ranges needs casting ,2019-01-07T23:01:37Z,2019-01-08T01:38:09Z
34897,Rails 6.0.0.alpha - ActionText - couldn't find file 'trix/dist/trix' with type 'text/css',2019-01-08T17:34:12Z,2019-01-08T18:59:41Z
34912,** ERROR: directory is already being watched! **,2019-01-10T07:20:58Z,2019-01-11T04:31:51Z
34914,Metum is not a word.,2019-01-10T19:20:34Z,2019-01-10T19:22:27Z
34915,Radio button collections that are disabled incorrectly have an enabled hidden input,2019-01-10T19:53:40Z,2019-04-19T22:52:15Z
34918,race_condition_ttl is not really implemented or wrongly implemented,2019-01-10T22:53:40Z,2019-01-11T18:44:17Z
34920,Wrong calculations with ActiveSupport::Duration,2019-01-11T03:13:43Z,2019-01-11T04:37:13Z
34921,ActiveStorage shows incorrect duration on Ubuntu 16.04 (Xenial) ,2019-01-11T04:17:15Z,2019-01-12T03:46:18Z
34929,Rails::Secrets.parse is giving NoMethodError: undefined method deep_symbolize_keys for Hash,2019-01-13T10:16:21Z,2019-01-13T22:48:52Z
34936,"`.titleize` on `""O'Foo""` returns `""O'foo""`",2019-01-14T22:42:54Z,2019-01-14T22:59:40Z
34938,Migration: change column type from text to text[],2019-01-15T10:00:28Z,2019-01-20T02:14:08Z
34939,AsyncAdapter causes ActiveStorage attachment to hang in db:seed,2019-01-15T12:26:32Z,2019-01-17T16:06:42Z
34940,ActionDispatch default headers are not sent with API mode,2019-01-15T16:44:28Z,2019-01-19T00:04:43Z
34942,expires_in and expires_now should use no-store instead of no-cache,2019-01-15T18:46:21Z,2019-04-26T00:43:41Z
34945,Fallback to unprepared statement does not check for `in_clause_length`,2019-01-16T11:37:48Z,2019-01-23T14:55:40Z
34950,Nested includes with active storage,2019-01-16T20:13:54Z,2019-01-18T03:58:40Z
34957,Sometime channel not updating UI/Not receiving message on Production(Heroku),2019-01-17T15:28:46Z,2019-04-24T17:06:07Z
34960,Use same set of example models (and tables) in AR Query Interface guide,2019-01-17T16:28:09Z,2019-07-24T17:19:31Z
34961,ActiveStorage: no authentication for direct uploads?,2019-01-17T17:16:50Z,2019-04-25T15:28:58Z
34968,Regression to deprecate_methods in 5.2.2,2019-01-17T20:24:59Z,2019-01-17T20:32:24Z
34974,Radio/checkbox DOM IDs should ensure float values are unique,2019-01-18T18:46:07Z,2019-02-05T18:51:44Z
34976,"ActiveStorage Variants - Cropping GIF images doesn't crop the canvas, only visible image",2019-01-19T01:27:23Z,2019-01-24T18:30:26Z
34979,Unexpected argument passed to generator,2019-01-19T06:27:59Z,2019-01-30T22:19:22Z
34983,New arel beta version for Rails 6.0.0.beta1,2019-01-19T14:09:01Z,2019-05-05T17:20:48Z
34987,"Redirect to ActiveStorage backed attachment fails with ""Unsafe redirect""",2019-01-19T21:28:21Z,2019-01-21T06:37:24Z
34989,Errno::ENOENT: No such file or directory @ rb_file_s_mtime after feature tests,2019-01-20T07:15:55Z,2019-05-07T11:34:26Z
34995,Calling methods in .erb files can cause a confusing error when a parenthesis is missing,2019-01-20T15:40:18Z,2019-03-28T18:53:23Z
34999,Rails test doesn't raise InvalidForeignKey when it should,2019-01-21T00:13:57Z,2019-02-07T09:00:52Z
35000,Undocumented feature in passing variables to partials,2019-01-21T00:14:55Z,2019-01-21T23:40:44Z
35002,ActionText: converting an existing text field,2019-01-21T06:01:07Z,2020-05-01T15:03:48Z
35009,Regression with has_many relation calling save(validate: false),2019-01-21T21:39:11Z,2019-08-18T01:37:03Z
35011,Deprecate using the global rails command for in-app operations,2019-01-22T00:13:55Z,2019-12-27T19:39:56Z
35013,send_data not working as expected in IE11 with rails-5.2.0,2019-01-22T08:07:21Z,2019-01-24T18:53:27Z
35014,Gitignore file for new Rails 6.0.0.beta1 app does not reference packs folder or node_modules folder ,2019-01-22T10:56:43Z,2019-01-22T11:46:46Z
35015,ActiveStorage preview with Poppler to return  specified page and jpeg,2019-01-22T11:56:58Z,2019-01-22T22:25:11Z
35025,less-rails forces the initializer of the gem following it to run after app initializers,2019-01-23T04:10:49Z,2019-01-23T17:35:36Z
35026,"ActionText in Rails 6.0.0.beta1: Could not find or build blob: expected attachable, got #<ActionText::Attachables::RemoteImage...>",2019-01-23T05:42:30Z,2019-01-27T00:11:58Z
35028,ActiveStorage  rotation stored as EXIF image metadata,2019-01-23T15:03:10Z,2019-01-23T16:29:36Z
35037,caching collections is slow,2019-01-24T01:40:46Z,2019-05-17T23:50:18Z
35038,Rails initializers don't have access to encrypted credentials. ,2019-01-24T08:09:28Z,2019-02-04T07:07:53Z
35039,"action cable crash javascript on simple ""hello world""",2019-01-24T08:31:37Z,2019-02-03T01:04:48Z
35044,"ActiveStorage ""Parent"" Model Callback",2019-01-24T19:07:35Z,2019-07-09T01:26:25Z
35048,Rails 5 Strong Params returning status 200 when failing require,2019-01-24T21:56:48Z,2019-01-24T22:49:45Z
35051,ArgumentError in Controller unsafe redirect ,2019-01-25T06:14:48Z,2019-01-25T22:05:57Z
35053,action_text:install task copies default fixture to /test regardless of testing framework,2019-01-25T13:22:23Z,2019-11-17T21:01:34Z
35058,around_update without yield makes save! fail silently,2019-01-26T04:34:28Z,2019-05-26T16:16:42Z
35059,Implement blank? and present? directly in ActiveRecord::Base,2019-01-26T05:20:59Z,2019-02-04T21:04:02Z
35064,"Stack overflow with railties/thor and active_support Rails 6 beta, Ruby 2.6.0",2019-01-27T18:14:16Z,2019-02-10T23:33:06Z
35066,A copy of has been removed from the module tree but is still active!,2019-01-28T00:16:40Z,2019-01-28T05:41:04Z
35069,Rails 6.0.0.beta1- ActionText - couldn't find file 'trix/dist/trix' with type 'text/css' ,2019-01-28T08:40:27Z,2019-01-31T00:09:52Z
35072,ActiveStorage Unpermitted parameter: :images with has_many_attached :images,2019-01-28T19:00:45Z,2019-01-30T08:26:25Z
35075,question regarding has_secure_password and has_secure_token namespace differences,2019-01-28T22:16:26Z,2019-01-29T01:47:57Z
35087,Incorrect help message about mismatched column types when a foreign key fails to add,2019-01-29T17:13:33Z,2019-01-29T17:15:45Z
35090,"Rails 5.2.2 --webpack installs a package.json with hard-coded webpack-dev-server version, which has CVE",2019-01-29T22:20:45Z,2019-01-30T23:11:18Z
35091,Rails 6.0.0.beta1 can not load database configuration when the URL (or database) is nil,2019-01-29T22:28:05Z,2019-01-30T15:26:47Z
35095,NumericValueOutOfRange on ActiveRecord find,2019-01-30T03:53:21Z,2019-01-30T04:23:02Z
35098,test_belongs_to_does_not_use_order_by fails by checking order by for metadata,2019-01-30T11:58:57Z,2019-02-08T01:39:15Z
35100,Rails 6.0.0.beta1 and Devise: ActionDispatch::IllegalStateError: header already sent,2019-01-30T13:38:41Z,2019-02-04T18:59:37Z
35103,ActionCable does not unsubscribe or reuse existing connection to channel on server restart,2019-01-30T15:40:12Z,2019-07-15T20:57:14Z
35106,ActiveStorage Cannot load `Rails.config.active_storage.service`,2019-01-30T20:07:09Z,2019-01-30T20:20:36Z
35110,Actiontext not displaying correctly,2019-01-31T08:18:00Z,2019-01-31T08:35:29Z
35113,Invalid routes with scope below resources,2019-01-31T13:16:02Z,2019-02-26T16:46:10Z
35114,Rendering partial over collection with `cached: true` leave out same items,2019-01-31T14:46:27Z,2019-04-04T07:45:33Z
35123,klass returns nil for OID type and ActiveRecord type column objects,2019-02-01T06:27:12Z,2019-02-01T06:40:03Z
35124,rails new plugin doesn't load lib/gem_name/tasks/*.rake by default,2019-02-01T09:43:51Z,2019-02-01T19:45:13Z
35125,Deadlock in development for concurrent requests,2019-02-01T09:57:04Z,2019-02-01T14:32:07Z
35129,schema did not create correct id with it is string type,2019-02-01T15:11:24Z,2019-02-15T15:32:49Z
35135,ActiveRecord generates invalid SQL string for empty range array condition,2019-02-01T21:46:28Z,2019-03-10T15:48:28Z
35137,style-src should not have a nonce when you enable application.config.content_security_policy_nonce_generator,2019-02-02T05:20:30Z,2019-07-02T23:23:48Z
35144,Ruby 2.6.1 and activerecord-5.0.7.1 -  warning: BigDecimal.new is deprecated; use BigDecimal() method instead,2019-02-03T13:43:45Z,2019-02-03T22:33:23Z
35147,Can't localize ActiveRecord::XXXXErrors,2019-02-04T09:45:27Z,2019-02-04T18:40:17Z
35151,InvalidAuthenticityToken when following Getting Started guide,2019-02-04T16:22:03Z,2019-07-12T08:38:47Z
35153,sqlite3_adapter has conflict with new version of sqlite3 gem,2019-02-04T19:11:04Z,2019-02-04T23:35:29Z
35155,Show Action Mailbox Inbound emails Setup instruction initially,2019-02-04T21:38:12Z,2019-04-17T02:18:33Z
35158,ActionController::Parameters sliced with symbol keys returns hash with string keys,2019-02-05T00:40:20Z,2019-02-05T02:05:20Z
35159,Action Text: Unable to consistently update has_rich_text field using accepts nested attributes,2019-02-05T00:45:47Z,2019-03-17T21:22:46Z
35161,Rails new with all defaults doesn't generate a working application anymore,2019-02-05T03:19:40Z,2019-02-05T19:29:22Z
35163,Requests sent by js don't come through a controller,2019-02-05T07:13:38Z,2019-02-06T01:55:03Z
35164,Disable 'deprecation warnings for Rails' not working,2019-02-05T10:49:12Z,2019-02-05T10:52:14Z
35167,ActiveStorage images not show in mobile app builtin browser randomly,2019-02-05T15:45:41Z,2019-05-13T17:39:31Z
35168,ActiveRecord inconsistency when assigning invalid existing/new has_many records,2019-02-05T16:54:17Z,2019-02-06T23:57:50Z
35172,valid_request_origin? does not check for port number,2019-02-05T23:57:19Z,2019-03-27T08:01:16Z
35180,"""rails routes"" should just display user routes by default",2019-02-06T16:56:36Z,2019-06-06T00:43:22Z
35181,Intermittent failures for `change_column` with default value,2019-02-06T19:14:39Z,2019-02-11T16:17:29Z
35185,display the loaded image actiontext,2019-02-07T06:49:31Z,2019-02-09T04:05:42Z
35191,Relation#exists? and empty? return the wrong result when used with distinct() + offset(),2019-02-08T10:49:16Z,2019-02-08T14:48:22Z
35192,Railties raises an error using the old secret_key_base syntax in v>=5.2,2019-02-08T12:39:43Z,2019-02-22T16:45:39Z
35194,BasicsTest#test_preserving_time_objects_with_time_with_zone_conversion_to_default_timezone_local fails ,2019-02-08T14:01:06Z,2019-02-19T18:59:33Z
35195,ActiveRecord::Associations::Preloader duplicates associations if record is passed twice,2019-02-08T15:23:13Z,2019-02-08T16:11:12Z
35199,ActiveRecord/Arel Math doesn't support naming or multiple expressions ,2019-02-08T18:09:17Z,2019-02-08T18:46:25Z
35200,Bug report template for action_text,2019-02-08T22:16:31Z,2019-03-25T19:46:49Z
35205,ActiveRecord does not cast the value passed in Hash,2019-02-09T03:52:28Z,2019-05-21T14:56:23Z
35207,schema.rb does contain references to foreign keys,2019-02-09T20:02:45Z,2019-02-11T07:08:02Z
35213,ActiveStorage's rails_blob_url generates a link that shows 404 on Elastic Beanstalk,2019-02-10T15:03:25Z,2019-02-10T23:37:35Z
35214,[activerecord] DISTINCT in select being dropped when using size on the relation,2019-02-10T16:44:55Z,2019-02-26T16:08:11Z
35218,ActionText does not support Trix content attachments,2019-02-11T00:29:27Z,2020-04-15T17:00:09Z
35220,db:structure:dump chokes on Regexp in ActiveRecord::SchemaDumper.ignore_tables,2019-02-11T14:43:54Z,2019-05-13T11:58:45Z
35222,Specifying a partial format impacts subsequent partials,2019-02-11T19:57:42Z,2019-02-13T16:27:06Z
35224,`adapter_name()` in migration logs ,2019-02-11T21:27:37Z,2019-02-11T22:29:09Z
35225,ActionText: actiontext/lib/action_text/content.rb#to_s,2019-02-11T21:42:27Z,2019-02-11T22:36:58Z
35230,ActiveRecord creates Record even though validation has failed,2019-02-12T03:18:14Z,2019-02-14T23:09:08Z
35231,"I am getting this ""Rails ExecJS::ProgramError in Pages#home""",2019-02-12T03:49:49Z,2019-02-12T04:52:31Z
35232,ActiveRecord does not cast attribute values plucked/selected from joined models.,2019-02-12T04:28:28Z,2019-05-20T08:12:01Z
35233,"Why I am getting this ""Rails ExecJS::ProgramError in Pages#home""? What is the REASON??",2019-02-12T04:40:17Z,2019-02-12T05:09:42Z
35234,`deliver.action_mailer` message not getting sent,2019-02-12T09:50:42Z,2019-02-14T00:55:37Z
35243,Can't authenticate incoming email to ActionMailbox from Amazon Ingress,2019-02-12T22:05:27Z,2019-02-18T17:01:29Z
35248,`Import { DirectUploadController } from '@rails/activestorage'` not possible,2019-02-13T12:53:35Z,2019-02-15T17:09:06Z
35250,Unexpected behaviour for Rails.env.X?,2019-02-13T13:27:19Z,2019-02-13T19:43:13Z
35251,PG::UnableToSend - number of parameters must be between 0 and 65535,2019-02-13T15:54:34Z,2019-02-17T09:17:49Z
35252,ActiveStorage raises with missing method `path_for` when using MirrorService with DiskService as the primary service,2019-02-13T15:56:16Z,2019-02-14T18:36:05Z
35257,Cached collection rendering is slower than non-cached rendering,2019-02-13T20:25:42Z,2019-02-13T22:36:22Z
35259,Rails console doesn't start - uninitialized constant Zeitwerk,2019-02-13T21:04:13Z,2019-02-14T22:01:45Z
35260,Edit/remove note about learning RDBMS and SQL in Active Record Basics?,2019-02-13T21:21:52Z,2019-02-15T16:32:38Z
35264,case_sensitive_comparison fails and case_insensitive_comparison succeeds on same input,2019-02-14T01:59:05Z,2019-02-14T02:18:43Z
35272,Allow a way of disabling `yarn install` on assets:precompile,2019-02-14T11:27:34Z,2019-02-15T16:37:30Z
35273,Strange routing behavior when submitting forms with File upload/File field in Production,2019-02-14T12:41:07Z,2019-05-23T22:39:23Z
35275,Add method to build on a collection proxy without adding to the collection,2019-02-14T16:43:10Z,2019-02-14T22:30:00Z
35278,frozen_string_literal cause errors when zeitwerk enabled,2019-02-14T23:38:26Z,2019-02-20T00:51:35Z
35282,[feature request] Remove a Validation,2019-02-15T07:30:28Z,2019-02-15T16:15:07Z
35283,Wrong protocol returned from rails_blob_url Active Storage,2019-02-15T12:23:43Z,2019-04-11T19:32:31Z
35284,Rails::Generators::Actions#gem generates a line against POSIX standard definition of a line,2019-02-15T13:06:08Z,2019-09-05T08:53:00Z
35292,"SQLite no longer works when using table_name with a dot ex: ""foo.bar""",2019-02-16T00:58:44Z,2019-02-22T12:24:53Z
35295,"Rails routes ""constraints"" - feature or bug?",2019-02-16T07:02:05Z,2019-05-31T23:06:17Z
35296,ConnectionHandler never gets GC'd,2019-02-16T08:35:33Z,2019-02-16T14:15:15Z
35298,restrict_with_error raises exception when destroying CollectionProxy,2019-02-16T14:23:47Z,2019-05-27T18:22:10Z
35300," PG::UniqueViolation: ERROR:  duplicate key value violates unique constraint ""index_user_roles_on_name""",2019-02-16T22:30:00Z,2019-03-04T17:29:51Z
35304,Add delete_by/destroy_by as relation methods,2019-02-17T17:36:15Z,2019-02-19T12:56:01Z
35306,ZeitWerk's config.autoloader raises uninitialized method when configuring logger.,2019-02-17T23:42:38Z,2019-02-18T11:38:49Z
35307,Why do it need to execute SQL when ActiveRecord query conditions is empty array?,2019-02-18T02:40:19Z,2019-05-10T05:56:39Z
35311,Reusing ActiveRecord type_map across connections and pools,2019-02-18T12:55:18Z,2019-05-27T14:22:11Z
35312,Streaming overrides Cache-Control header to `no-cache`,2019-02-18T13:17:08Z,2019-02-25T21:35:55Z
35314,ActiveSupport::Notifications duration is contingent on callback times,2019-02-18T15:21:08Z,2019-05-26T16:16:41Z
35317,Counter Cache for Many to Many,2019-02-18T20:08:43Z,2019-02-21T04:15:15Z
35323,ActiveSupport Duration Calculation Regression,2019-02-19T05:04:12Z,2019-06-01T01:06:16Z
35328,ActiveStorage 5.2.1 migration fails - Mysql 5.7 - Specified key was too long; max key length is 1000 bytes,2019-02-19T17:47:58Z,2019-02-19T19:56:23Z
35329,"After upgrading to rails 6 experiencing ""Unknown key: :on. Valid keys are: :if, :unless, :prepend (ArgumentError)"" on callbacks",2019-02-19T18:25:32Z,2019-02-19T20:30:19Z
35330,raise_delivery_errors doesnâ€™t work with the :sendmail delivery method,2019-02-19T22:45:23Z,2019-02-21T05:05:14Z
35341,Is there plans to add the Timezones America/Bahia and America/Manaus (From Brazil) to ActiveSupport::TimeZone.all?,2019-02-20T19:54:14Z,2019-02-22T03:38:06Z
35348,Custom inflections are not loaded for install:migrations rake task,2019-02-21T08:08:56Z,2019-05-29T09:45:19Z
35351,I18n support for `:placeholder` not parsed on active_text rich_text_area,2019-02-21T11:14:38Z,2019-02-22T05:22:24Z
35359,Ambiguous column name when using `scope.from`,2019-02-21T19:44:01Z,2019-03-01T14:25:02Z
35362,reset_counters method always update the first definition,2019-02-21T22:26:27Z,2019-07-23T12:06:57Z
35364,host option passed to stylesheet_link_tag and javascript_include_tag does not have effect,2019-02-22T14:27:43Z,2019-08-30T06:57:11Z
35365,"Rails Guides - 5.6 Replace ""@article = Article.new(params[:article])"" with ""@article = Article.new(article_params)"" to avoid ERROR: Forbidden Attributes Error",2019-02-22T16:18:14Z,2019-02-22T18:42:10Z
35372,Inline templates leak memory,2019-02-22T20:44:13Z,2019-02-23T07:00:30Z
35373,Schema is unable to set both default value and not null constraint on uuid column,2019-02-23T01:20:33Z,2019-02-23T23:38:05Z
35377,EDITOR='atom --wait' does not open existing bin/rails credentials file,2019-02-23T17:24:00Z,2019-02-23T17:27:34Z
35378,Reproduce:  EDITOR='atom --wait' bin/rails credentials:edit,2019-02-23T17:28:42Z,2019-02-23T17:40:23Z
35384,ActiveRecord subtracting a microsecond from timestamp during saving,2019-02-24T07:27:21Z,2019-02-24T07:43:56Z
35386,Active Storage: leaving orphan blobs,2019-02-24T17:21:12Z,2019-02-24T17:53:45Z
35387,"New Rails 5.2.2 apps need sqlite3 1.3.x to work, but they install sqlite3 1.4.0 instead",2019-02-24T22:38:42Z,2019-02-25T03:40:31Z
35389,Action View test_helper_class_that_is_being_tested_is_always_included_in_view_instance fails ,2019-02-25T00:09:12Z,2019-04-19T08:11:45Z
35391,On the return value when the AR scope result is nil,2019-02-25T08:30:00Z,2019-02-25T09:56:44Z
35398,ActiveRecord leaks scope when using first_or_create on relations,2019-02-25T14:55:05Z,2019-04-05T19:57:29Z
35401,Columns with arrays of points revisited,2019-02-25T18:54:59Z,2019-06-03T11:45:03Z
35405,don't panic on missing tmp cache permissions ,2019-02-25T20:47:28Z,2019-03-08T00:29:45Z
35409,Additional queries when attaching files in ActiveStorage,2019-02-25T22:46:16Z,2019-06-02T23:45:03Z
35410,[Rails6] (multi-db + parallelize) TestDatabases.drop,2019-02-25T22:59:57Z,2019-06-03T22:38:27Z
35413,"[actionview] Add name of template for ""Single arity template handlers are deprecated."" warning",2019-02-26T02:08:16Z,2019-02-26T02:32:10Z
35417,Controller spec failed with 6.0.0.beta2,2019-02-26T09:25:50Z,2019-02-27T17:25:44Z
35418,Getting error `ERROR:  subquery has too many columns`,2019-02-26T09:42:45Z,2019-02-26T10:01:59Z
35421,Leaking secrets in production logs,2019-02-26T15:56:00Z,2019-02-26T19:43:58Z
35423,Attachment not being restored after delete in sandbox mode,2019-02-27T01:18:55Z,2019-06-13T00:56:32Z
35426,Numericality validation does not work as intended with decimals,2019-02-27T17:14:11Z,2020-01-13T17:32:33Z
35427,Allow saving the record even if one of a has_many associations fails using nested attributes,2019-02-27T17:34:06Z,2019-02-27T18:34:55Z
35433,ActionMailer: Using multiple self-signed certificates,2019-02-28T12:53:59Z,2019-02-28T19:41:19Z
35438,ActionText install fails on Typescript,2019-03-01T01:19:15Z,2019-06-18T20:57:33Z
35439,Rails console requiring readline,2019-03-01T07:16:43Z,2019-03-03T13:35:02Z
35440,Nested scopes cause wrong root route in 5.2.2,2019-03-01T11:02:33Z,2019-06-08T05:06:10Z
35443,Rails 5.2.2: ActiveSupport::Duration#inspect returns invalid result,2019-03-01T15:39:51Z,2019-06-07T12:22:19Z
35444,password_confirmation validation provided by has_secure_password doesn't run when password is blank but not empty/nil,2019-03-01T16:06:06Z,2019-06-09T00:06:11Z
35445,Misleading table name suffix and prefix behaviour,2019-03-01T16:35:56Z,2019-07-23T12:06:56Z
35448,"Migration with create_join_table fails in Rails 6, 'you can't define an already defined column'",2019-03-02T00:38:17Z,2019-03-06T19:03:53Z
35450,create_of_find_by not returning object,2019-03-02T05:18:23Z,2019-03-12T00:18:13Z
35452,'<class:InboundEmail>': uninitialized constant #::Incineratable (NameError),2019-03-02T10:01:40Z,2019-03-05T08:05:58Z
35453,ActionDispatch swallowing NameError and giving misleading end error,2019-03-02T13:26:02Z,2019-11-10T14:23:16Z
35458,test_mysql_connection_collation_is_configured fails if `set names utf8` executed in advance,2019-03-03T07:49:02Z,2019-03-27T05:20:43Z
35463,Default rendering behavior is unclear and possibly buggy,2019-03-03T15:53:16Z,2019-06-08T17:06:10Z
35466,ActiveStorage S3Service does not allow connection config parameters,2019-03-04T06:51:47Z,2019-09-09T09:38:00Z
35468,Rails 6 multiple database tasks throws exception when environment config is used,2019-03-04T12:08:57Z,2019-03-06T18:02:49Z
35470,after_commit on: :destroy callback order is wrong with child records,2019-03-04T15:14:57Z,2019-10-27T15:05:00Z
35471,QueryCacheExpiryTest get 5 failures,2019-03-05T00:53:46Z,2019-03-05T12:15:43Z
35472,Setting another parent for child using accepts_nested_attributes_for leads to error,2019-03-05T02:46:54Z,2019-06-10T04:43:51Z
35475,Classes or modules in explicit namespaces are not found,2019-03-05T08:04:25Z,2019-04-24T17:19:21Z
35476,session_store :mem_cache_store requires memcached server on assets:precompile,2019-03-05T10:44:25Z,2019-06-13T00:56:31Z
35477,ActiveSupport::Duration values are equals but when adding them to a Date it produces different result,2019-03-05T12:57:38Z,2019-10-07T15:36:01Z
35480,app:update task fails with NameError: uninitialized constant Rails::Html,2019-03-05T16:17:34Z,2019-03-07T06:59:37Z
35483,Scaffolding can only run once per reboot,2019-03-05T17:03:51Z,2019-03-05T23:36:39Z
35484,rails new with --skip-webpack-install still includes the webpacker gem.,2019-03-05T17:24:46Z,2019-03-22T00:55:44Z
35486,rails mongo ,2019-03-05T19:37:57Z,2019-03-05T23:19:51Z
35487,ActionCable not working with Puma,2019-03-05T21:57:28Z,2019-03-08T10:58:08Z
35488,Error rails server Raspberry PI,2019-03-05T23:44:14Z,2019-03-06T00:00:44Z
35490,Rails deploy in production ( too hard for me),2019-03-06T02:08:43Z,2019-03-06T05:47:31Z
35493,insert_all throws `ActiveRecord::NotNullViolation` for timestamps,2019-03-06T05:16:23Z,2019-05-05T20:26:43Z
35495,"Rails 6 parallel testing ActiveSupport not calling with_info_handler method, causing minitest-hooks plugin to raise NoMethodError",2019-03-06T08:50:24Z,2019-04-16T22:25:42Z
35499,"Overriding scopes with STI, getting useless warnings",2019-03-06T16:31:39Z,2019-09-30T23:11:27Z
35500,Autoreloading nested structures does not work since Zeitwerk,2019-03-06T17:10:15Z,2019-03-06T17:32:55Z
35502,"Zeitwerk ""warning: previous definition of <x>"" where <x> is a controller inheriting from ActionController::Metal",2019-03-06T18:42:29Z,2019-05-05T00:36:52Z
35505,Deprecation warning re: single arity template handlers when running tests for new Rails 6 app,2019-03-07T00:27:24Z,2019-03-07T23:26:44Z
35507,StaleObjectError,2019-03-07T01:20:05Z,2019-03-07T02:18:59Z
35518,Installing Rails 4.2 with Bundler 2.0 fails,2019-03-07T21:33:35Z,2019-03-07T22:50:37Z
35519,ActiveRecord::Persistence#upsert_all throws PG::CardinalityViolation: ERROR:  ON CONFLICT DO UPDATE command cannot affect row a second time,2019-03-07T21:46:23Z,2019-03-09T11:53:34Z
35520,db:system:change to postgresql not updating gem version in Gemfile,2019-03-07T21:55:02Z,2019-03-08T10:53:17Z
35521,Rails 5.1+ dependent nullify/destroy blow up when using with default scope,2019-03-07T23:15:57Z,2019-03-13T20:07:32Z
35524,[js] Hook into reopen event of actioncable websocket,2019-03-08T02:51:07Z,2019-06-06T13:02:02Z
35528,save! returns nil for invalid model,2019-03-08T09:58:29Z,2019-06-24T17:59:15Z
35540,ActiveStorage fails to make an url inside Sidekiq's workers,2019-03-08T20:56:47Z,2019-06-13T22:36:34Z
35542,undefined method `[]' for nil:NilClass,2019-03-08T22:10:50Z,2019-03-22T23:02:16Z
35543,Using `create_or_find_by` led to primary keys running out,2019-03-08T22:43:47Z,2019-03-15T14:46:36Z
35547,Feature request: Support attr_readonly for associations,2019-03-09T00:32:29Z,2019-03-16T23:43:48Z
35551,Update Document 'Error loading the 'sqlite3'',2019-03-09T08:54:29Z,2019-03-29T16:16:47Z
35561,Rails::Application::Configuration::Custom - option relative_url_root appearing,2019-03-10T16:34:13Z,2019-03-12T22:39:47Z
35563,Active Storage: mogrify error without message on representation controller and variant.processed,2019-03-11T07:25:22Z,2019-03-26T23:18:59Z
35567,Grape+Rails example don't work with zeitwerk,2019-03-11T13:10:30Z,2019-03-24T15:57:44Z
35578,Emailing ActionText rich_text field shows attachment links to example.org,2019-03-11T23:57:13Z,2019-08-19T23:50:40Z
35584,Destroying nested object does not propagate errors,2019-03-12T14:15:49Z,2019-07-31T17:38:00Z
35587,reset_session doesn't change session_id,2019-03-12T19:30:45Z,2019-03-13T19:27:43Z
35589,clear,2019-03-12T20:43:51Z,2019-03-12T20:44:02Z
35590,ActionCable requests High Response Time,2019-03-12T21:10:28Z,2019-03-12T21:39:43Z
35592,Unable to use partial locals when using 'render partial' shorthand,2019-03-12T21:29:48Z,2019-03-12T21:52:00Z
35594,Fix random test failure in Active Record i18n test,2019-03-12T23:04:28Z,2019-03-31T17:38:51Z
35597,Rails bi-directional accepts_nested_attributes_for causes double save and loss of dirty attributes,2019-03-13T03:29:42Z,2019-07-23T12:06:55Z
35600,Setting `inverse_of` on `belongs_to polymorphic: true` breaks `association.build`,2019-03-13T10:18:09Z,2019-09-22T08:06:41Z
35602,Cache_store not set when using ActionCtrl::API and manually including Caching,2019-03-13T11:26:27Z,2019-04-23T14:42:12Z
35606,"6.0.0.beta3: render partial: wrong number of arguments (given 2, expected 0)",2019-03-14T05:21:56Z,2019-03-14T18:01:41Z
35608,Make ActiveJob::Base more composable,2019-03-14T07:05:17Z,2019-03-14T19:01:52Z
35609,AutLoad Broken on Windows with Ruby 2.6,2019-03-14T07:34:53Z,2019-06-21T22:48:54Z
35611,Engine dummy app under 5.2.2.1 on travis fatal errors on fail to create tmp/development_secret.txt,2019-03-14T15:59:20Z,2019-03-14T16:25:17Z
35613,"Active Storage Module::DelegationError: size delegated to attachment, but attachment is nil",2019-03-14T20:21:06Z,2019-03-15T15:44:43Z
35614,`create` or `save` calls can cause PG::NotNullViolation,2019-03-14T20:33:07Z,2019-03-14T23:38:17Z
35616,Lyme,2019-03-15T00:37:46Z,2019-03-15T00:40:46Z
35618,It does not appear to be reloading the code on changes,2019-03-15T09:23:26Z,2019-03-15T22:01:39Z
35621,"ActiveRecord::StatementInvalid: PG::UndefinedTable: ERROR:  relation ""active_storage_attachments"" does not exist",2019-03-15T12:15:21Z,2019-03-19T13:19:37Z
35624,ActiveStorage Race Condition After Upgrading to Rails 6.0.0.beta3,2019-03-15T16:49:30Z,2019-03-15T23:37:25Z
35625,MemCacheStore uses a TTL (expires_in) longer than specified,2019-03-15T17:13:50Z,2020-03-16T13:34:41Z
35630,PROPOSAL to return frozen values from Rails.application.secrets,2019-03-15T21:02:39Z,2019-06-14T17:32:32Z
35640,Can't install Webpacker and Action Text on rails 6.0.0.beta3,2019-03-16T01:56:12Z,2019-03-16T23:42:35Z
35641,rails accepts_nested_attributes_for can't update,2019-03-16T02:25:17Z,2019-03-22T23:30:23Z
35644,actiontext test fails ActionText::FormHelperTest,2019-03-16T19:41:02Z,2019-03-28T23:17:23Z
35646,rails 6.0.0.beta3: undefined method `env_name' for [nil]:Array (NoMethodError) in active_record/database_configurations.rb:72,2019-03-16T20:48:12Z,2019-03-18T23:58:43Z
35647,"relation ""active_storage_attachments"" does not exist",2019-03-17T01:00:18Z,2019-03-19T22:09:51Z
35648,"Could not find ""javascript/channel.coffee"" in any of your source paths.",2019-03-17T01:04:33Z,2019-06-22T14:38:07Z
35650,Conflicting documentation on cookies/sessions,2019-03-17T13:01:17Z,2019-07-05T15:39:46Z
35651,image_path without extension,2019-03-17T18:42:37Z,2019-11-09T23:48:30Z
35657,Implement ActionCable with Async,2019-03-18T04:19:44Z,2019-06-25T23:22:50Z
35658,JavaScript or HTML?,2019-03-18T11:22:03Z,2019-03-19T12:34:38Z
35665,test_eager_association_loading_with_has_many_sti_and_subclasses fails,2019-03-19T04:43:45Z,2019-03-26T03:41:42Z
35668,Dropping nil values in arrays for strong parameters ,2019-03-19T11:40:36Z,2019-03-19T16:12:05Z
35671,Getting error on DB create. undefined method `raise_in_transactional_callbacks=' - Rails 5.2.2.1,2019-03-19T22:47:41Z,2019-03-19T23:46:03Z
35673,"App generator does not include test, dev deps on JRuby",2019-03-19T23:39:08Z,2019-03-19T23:50:53Z
35674,[actioncable] compatibility with React Native,2019-03-20T00:29:32Z,2019-06-13T16:21:45Z
35676,PostgreSQL adapter: breaking change in boolean parameter parsing in 5.2.1,2019-03-20T05:08:50Z,2019-03-29T20:07:08Z
35678,Ms Sql server database issues,2019-03-20T05:46:21Z,2019-03-20T06:09:11Z
35680,Autosave happens every time on has_one :through,2019-03-20T06:55:02Z,2019-03-23T09:54:21Z
35681,Improve docs for Active Record Query Interface,2019-03-20T07:18:26Z,2019-07-09T22:58:16Z
35684,Class definitions inherit from ActiveRecord::Core by default?,2019-03-20T11:04:29Z,2019-03-20T14:48:02Z
35689,Wrong updated_at timestamp on 'touch: true' association inside transaction,2019-03-21T10:47:08Z,2019-07-10T17:42:06Z
35693,rails credentials:edit fails if credentials file has trailing newline,2019-03-21T20:44:53Z,2019-03-26T22:23:53Z
35694,unable to safely disable use_authenticated_cookie_encryption configuration,2019-03-21T20:47:44Z,2019-06-26T21:19:38Z
35697,"[guides] `formats=': Invalid formats: ""html""",2019-03-22T01:11:57Z,2019-03-22T18:11:59Z
35699,Update has_one child model twice with  accepts_nested_attributes_for raises exception,2019-03-22T08:26:44Z,2019-03-23T05:01:54Z
35702,No CHANGELOG entries for CVE-2019-5418 / CVE-2019-5419 / CVE-2019-5420,2019-03-22T10:46:12Z,2019-03-24T22:38:51Z
35704,Multiple ActionMailbox AWS SNS issues,2019-03-22T13:46:05Z,2019-04-14T17:13:53Z
35709,Rails ignoring provided content-type parameters other than charset,2019-03-22T19:21:46Z,2019-06-01T07:51:57Z
35716,Reloading Issue Triggering,2019-03-22T20:48:08Z,2019-03-22T20:48:38Z
35717,Update comment about how secret key is calculated,2019-03-22T23:32:55Z,2019-03-23T01:02:14Z
35725,"Need to downgrade Sqlite3, Rails 5.2.2.1 Locks Sqlite at ~> 1.3.6",2019-03-23T18:12:51Z,2019-03-23T23:51:40Z
35726,rails scaffold does not generate a form with a working authenticity token,2019-03-23T18:18:48Z,2019-03-24T01:43:22Z
35728,Remove X-Download-Options header,2019-03-24T10:06:55Z,2019-03-31T12:54:07Z
35731,Replace chromedriver-helper with webdrivers,2019-03-24T19:50:50Z,2019-03-24T21:33:25Z
35744,Impossible to create column decimal/numeric with default value in PG,2019-03-25T12:39:25Z,2019-04-10T20:18:12Z
35746,ActiveStorage migration with custom record_id type,2019-03-25T13:32:04Z,2019-03-26T22:38:59Z
35749,Upgrading Rails to v6-beta3 causes uninitialized constant ActionText::Engine::ApplicationController (NameError),2019-03-25T16:15:43Z,2019-04-02T15:27:34Z
35751,PolymorphicNonFullStiClassNamesTest#test_class_names_with_includes fails,2019-03-25T18:04:17Z,2019-03-26T04:06:40Z
35752,Migration guide documentation for add_column implies `index: true` is not ignored,2019-03-25T18:04:30Z,2019-03-30T05:05:29Z
35757,Broken documentation for ActiveRecord,2019-03-26T10:25:18Z,2019-03-26T10:28:10Z
35759,Dependent restrict options ignore pending destruction of associated records,2019-03-26T21:19:50Z,2019-03-30T00:04:02Z
35769,Acronym inflector causing error in ActiveRecord associations,2019-03-27T17:16:59Z,2019-03-29T01:58:15Z
35770,Schema Cache Bug - Primary keys not used from cache with specific puma config,2019-03-27T17:24:12Z,2019-07-02T23:01:08Z
35773,Throw error when passing a block to a method that doesn't use the block,2019-03-27T22:28:33Z,2019-03-28T00:36:32Z
35777,activestorage 5.2.3 is not published,2019-03-28T03:32:56Z,2019-03-28T04:30:10Z
35779,Unexpected behaviour of Rails-UJS data-confirm feature,2019-03-28T07:36:37Z,2019-04-14T12:13:00Z
35782,NoMethodError: undefined method `active_job' for Rails::Application::Configuration,2019-03-28T20:07:44Z,2019-04-20T03:39:03Z
35783,YAML column can't load ActiveSupport::TimeWithZone with year >= 10000,2019-03-28T21:15:59Z,2019-03-28T21:33:30Z
35786,URLs with special characters like * : ~ break routing,2019-03-29T09:11:11Z,2019-04-15T22:12:58Z
35787,ActiveStorage for Rails with own controller and routes.,2019-03-29T13:12:34Z,2019-03-29T16:49:05Z
35796,RailsUJS disabled_with does not work properly with the required HTML5 attribute,2019-03-29T21:02:55Z,2019-03-29T21:52:05Z
35800,"6.0.0.beta2: .connected_to() block throws ""No connection pool with 'primary' found.""",2019-03-30T05:45:01Z,2019-08-23T18:56:14Z
35801,undefined method `webpacker' for #<Rails::Application::Configuration,2019-03-30T09:47:13Z,2019-04-02T09:06:39Z
35803,Polymorphic association with custom primary key does not build correctly from v5.2,2019-03-30T14:14:24Z,2019-07-14T17:12:42Z
35806,ruby-head translated to 2.7.0 in .ruby-version and ruby directive in Gemfile,2019-03-30T23:04:07Z,2019-07-08T15:26:25Z
35809,Link to edgeapi when browsing edgeguides,2019-03-31T12:59:52Z,2019-04-01T06:44:21Z
35812,Job adapter setting ignored in seeds,2019-04-01T01:25:52Z,2019-04-09T19:24:08Z
35813,action mailbox amazon subscription confirmation,2019-04-01T03:05:19Z,2019-04-01T17:02:29Z
35817,Activestorage/rails 6.0.0.beta3 : Multiple file upload on updating a record purge existing attachments,2019-04-01T10:41:42Z,2019-04-22T20:14:50Z
35818,Problem with update_all,2019-04-01T14:15:50Z,2019-04-01T20:40:53Z
35822,Set samesite property for session cookies,2019-04-01T18:31:55Z,2019-04-01T18:54:35Z
35829,form_for & polymorphic_path does not handle inflections correctly,2019-04-02T09:00:00Z,2019-04-02T12:03:37Z
35835,Exceptions raised in `parallelize_setup` do not result in `rails test` failing  ,2019-04-02T19:53:05Z,2019-04-18T19:26:14Z
35836,Objects cached in Rails 5.1.7 cannot be retrieved in Rails 5.1.4 - Redis,2019-04-02T20:48:56Z,2019-07-08T22:26:25Z
35837,Where query string syntax requires parens with IN,2019-04-02T23:14:57Z,2019-04-02T23:25:11Z
35839,"""has_many through"" association doesn't behave consistently when using a custom-typed PK column",2019-04-03T01:24:30Z,2019-08-07T20:48:22Z
35845,Shouldn't the webpacker gem be a dependency of Action Text? Or is there a way to use Action Text without webpack?,2019-04-03T21:05:04Z,2019-04-19T12:28:07Z
35846,Uncaught TypeError: Cannot read property 'message_types' of undefined,2019-04-04T00:34:35Z,2019-04-18T16:52:11Z
35853,[actioncable js]: In node_modules actioncable contains code from another deprecated repo,2019-04-04T09:23:17Z,2019-04-04T18:21:32Z
35857,Rubocop warning: Bundler/OrderedGems,2019-04-04T14:02:56Z,2019-04-04T14:53:06Z
35859,complaint,2019-04-04T17:38:40Z,2019-04-04T19:52:49Z
35862,Rails 5.2.3 db:seed doesn't work with `wait_until` job,2019-04-04T20:53:54Z,2019-04-04T20:58:18Z
35866,Add missing touch option to has_one,2019-04-05T00:22:37Z,2019-04-24T18:38:04Z
35877,Get optionals parameters of Rails routing file.,2019-04-05T14:37:15Z,2019-04-05T23:04:40Z
35878,How to get optional parameters in controller of Rails,2019-04-05T14:38:48Z,2019-04-05T23:04:45Z
35879,routes.rb,2019-04-05T14:39:05Z,2019-04-05T23:06:15Z
35884,FoxyFixturesTest unit tests fail with MariaDB 10.4.3,2019-04-06T04:24:18Z,2019-04-09T00:09:36Z
35889,"[activerecord] something_id is translated to ""Something can't be blank"" even if there is no ""something""",2019-04-07T19:42:47Z,2019-04-15T22:06:26Z
35894,Expected skeletons are not built with `rails plugin new blorgh --mountable`,2019-04-08T14:48:14Z,2019-04-08T15:32:06Z
35898,`private_constant` macro doesn't work unless both eager_load and cache_classes are true,2019-04-08T16:06:09Z,2019-07-14T16:12:42Z
35900,JRuby/TruffleRuby cannot run railties tests because of use of fork(),2019-04-08T16:47:52Z,2019-04-26T22:22:30Z
35901,end_of_day is not aware of having one more hour when timezone offset changes due to daylight savings,2019-04-08T20:14:18Z,2019-07-14T21:12:42Z
35902,ActiveRecord::Tasks::DatabaseTasks no longer works outside of Rails,2019-04-09T00:43:25Z,2019-04-18T19:21:32Z
35914,generate controller with wrong routes,2019-04-09T21:05:38Z,2019-04-10T02:02:01Z
35925,WHERE IN doesn't support array of pairs,2019-04-10T15:19:54Z,2019-04-11T21:11:20Z
35926,ActiveStorage Feature Request - Support for CDN (Cloudfront),2019-04-10T17:47:16Z,2019-04-10T20:17:47Z
35929,failing yarn install does not stop further steps,2019-04-10T21:38:55Z,2019-07-24T17:19:29Z
35930,rescue_from rescues from unexpected classes,2019-04-10T22:25:38Z,2019-04-11T20:09:53Z
35937,Content Security Policy: report-uri is deprecated,2019-04-11T13:50:17Z,2019-04-11T19:40:52Z
35940,Is there a multi_excerpt() helper?,2019-04-11T14:29:08Z,2019-04-11T15:51:03Z
35941,Two of PolymorphicFullStiClassNamesTest tests fail,2019-04-11T14:44:27Z,2019-04-12T20:10:24Z
35942,third select options not validating arguments,2019-04-11T15:01:28Z,2019-04-11T16:01:14Z
35943,No headers available in env when using Rack::MockRequest,2019-04-11T15:02:38Z,2019-07-21T22:14:19Z
35948,#deep_dup duplicates classes,2019-04-11T21:18:43Z,2019-04-11T21:31:37Z
35953,"ActiveStorage chokes on BMP data, raises ActiveStorage::InvariableError",2019-04-12T13:43:54Z,2019-04-21T20:05:34Z
35954,Multiple has_one relation to same model create error,2019-04-12T13:45:39Z,2019-04-12T22:36:37Z
35973,time_zone_options_for_select: Priority Regexp Fails Unless #=~ is Defined on Zone Class,2019-04-14T18:54:15Z,2019-05-04T16:30:18Z
35976,Unable to analyze blob before saving record,2019-04-15T12:45:19Z,2019-05-26T14:23:27Z
35978,zeitwerk doesn't autoreload the helpers,2019-04-15T15:12:42Z,2019-04-15T21:37:43Z
35982,collection_cache_key loads model when model not needed,2019-04-15T20:25:27Z,2019-04-17T17:14:44Z
35983,SerializedAttributeTest#test_serialized_attribute_works_under_concurrent_initial_access is flaky,2019-04-15T22:29:07Z,2019-04-15T23:29:49Z
35986,`ActiveJob` `exception_executions` may cause incorrect / unexpected retry behavior during upgrade,2019-04-15T23:24:44Z,2019-04-22T22:22:40Z
35990,"ActiveSupport::Dependencies.constantize(""User"") result in a endless loop in Arch Linux (wait IO?)",2019-04-16T10:14:04Z,2019-04-22T21:29:03Z
35991,Missing documentation for `add_index`,2019-04-16T10:39:03Z,2019-04-19T14:28:33Z
35993,"""Dangerous query method"" warning is triggered by ActiveRecord::Sanitization methods",2019-04-16T12:36:39Z,2019-07-24T17:19:30Z
36007,ActiveStorage: failing image analyzer test,2019-04-17T13:45:42Z,2019-04-23T08:30:15Z
36013,Migration exception message is misleading and not accurate for foreign key errors,2019-04-18T10:04:37Z,2019-10-26T16:02:45Z
36020,"ArgumentError: Invalid route name, already in use: 'root' ",2019-04-18T15:00:15Z,2019-04-18T16:13:05Z
36021,Active Storage does not handle HEAD requests properly with AWS S3 backend,2019-04-18T15:10:52Z,2019-07-24T17:19:28Z
36022,Combining .count with .group and ordering by :count generates invalid SQL in 5.2.3,2019-04-18T15:50:00Z,2019-06-17T15:02:12Z
36027,create_or_find_by doesn't attempt to find the record when you also have validates_uniqueness_of :field,2019-04-19T00:17:39Z,2019-07-28T17:00:43Z
36030,--skip-activerecord not respected on rails master due to actionmailbox and actiontext dependencies,2019-04-19T05:46:59Z,2019-04-19T22:45:34Z
36032,Add fragment view rendering using Websocket (e.g. LiveView),2019-04-19T07:15:06Z,2019-04-22T21:06:28Z
36035,When saving ActiveStorage record parent model previous_changes are empty in 6.0.0.rc1,2019-04-19T10:41:29Z,2019-10-27T16:05:00Z
36036,Binary type cast failed in has_many_association,2019-04-19T11:53:49Z,2019-07-18T16:25:43Z
36042,Plucking associated data from an enum column returns nil,2019-04-19T22:09:28Z,2019-07-28T08:00:43Z
36050,rails new with --skip-javascript still generates JS related code,2019-04-21T15:44:44Z,2019-04-21T17:03:23Z
36054,Namespaced concerns seem to be broken in Rails 6,2019-04-22T13:48:02Z,2019-04-22T15:10:42Z
36055,`update_counters` doesn't respect scopes,2019-04-22T17:18:58Z,2019-04-27T20:33:28Z
36056,db:drop loads the full environment but db:create does not,2019-04-22T20:34:52Z,2019-04-23T22:17:08Z
36062,Rails assets javascript stacktrace / debugging,2019-04-23T10:08:02Z,2019-04-23T15:15:44Z
36065,ImageAnalyzer incorrectly assumes that it can handle all images,2019-04-23T15:23:26Z,2019-04-24T12:25:56Z
36068,Rails new fails with bootsnap error on webpacker install,2019-04-23T18:17:40Z,2019-04-25T02:06:46Z
36075,AR PG opclass schema dumper regex extracts wrong opclass when opclass does not end with _ops,2019-04-24T06:56:58Z,2020-02-05T10:17:55Z
36076,ActiveSupport::Cache::MemoryStore - undefined method 'megabytes',2019-04-24T09:27:21Z,2019-04-24T14:39:49Z
36078,Connection switching to support multiple databases is not working in Rails 6.0.0.beta3 version,2019-04-24T12:14:11Z,2019-04-24T13:26:38Z
36080,Active Storage saves a blob even when the model doesn't save due to failed validation,2019-04-24T13:12:49Z,2019-04-24T15:00:04Z
36081,"`data-remote=""true""` completely stops event propagation",2019-04-24T13:44:31Z,2019-07-31T16:38:01Z
36082,`after_commit` Callback Fix Causing Problems After Upgrade,2019-04-24T15:53:22Z,2019-04-30T13:43:30Z
36083,"ActionController::Live only copies fiber-local variables, not thread-local variables",2019-04-24T20:15:43Z,2019-07-31T16:38:00Z
36084,"Bundler could not find compatible versions for gem ""activemodel"":",2019-04-24T21:15:34Z,2019-04-24T21:29:09Z
36085,ActiveSupport::Autoload same name different name space conflict,2019-04-24T22:55:13Z,2019-04-25T01:09:29Z
36088,6.0.0.rc1 database.yml no longer supports arbitrary ERB output?,2019-04-25T05:11:21Z,2019-05-14T07:29:37Z
36089,"scopes with where, when class_name for has_many is provided",2019-04-25T06:06:08Z,2019-11-01T09:16:04Z
36091,Cache get object have lose the primary key value,2019-04-25T09:55:25Z,2019-10-03T06:47:29Z
36093,Error in actionview cache_expiry,2019-04-25T13:07:37Z,2019-05-23T21:50:19Z
36095,ActionDispatch response ignores MIME parameters,2019-04-25T16:47:52Z,2019-04-26T14:32:08Z
36096,uninitialized constant UniformNotifier::HoneybadgerNotifier::Honeybadger,2019-04-25T18:18:56Z,2019-04-25T20:02:31Z
36097,Arel integer division,2019-04-25T18:27:19Z,2019-07-31T19:38:00Z
36100,Zeitwerk breaks override pattern,2019-04-26T04:11:59Z,2019-04-26T05:50:51Z
36101,Rails Choosing wrong controller action,2019-04-26T05:45:33Z,2019-04-26T06:57:59Z
36103,6.0.0.rc1: ActiveRecord builds a query using `INNER JOIN` instead of `LEFT OUTER JOIN`,2019-04-26T07:33:44Z,2019-04-27T14:26:15Z
36106,Truncate helper doesn't always return frozen string,2019-04-26T12:28:18Z,2019-04-26T17:29:42Z
36112,Cannot Install Edge with Bundler,2019-04-26T19:56:37Z,2019-05-09T08:33:56Z
36114,[actionview] content_for / content_for? / yield don't act correctly on non-strings,2019-04-26T21:41:01Z,2019-04-26T22:07:09Z
36116,Active support throws an exception when a module is included within ApplicationController,2019-04-26T23:10:40Z,2019-04-27T12:55:57Z
36118,Installation instructions using Tokaido should not be described,2019-04-27T06:47:27Z,2019-04-27T10:12:33Z
36119,"Timezone for Volgograd should be UTC +04:00, not  UTC +03:00",2019-04-27T09:45:41Z,2019-05-03T00:53:22Z
36123,problem with local date thats possibly empty,2019-04-27T23:21:33Z,2019-05-03T00:58:40Z
36126,Conditional association with nested form field doesn't validate properly,2019-04-28T13:56:53Z,2019-08-03T14:32:29Z
36132,Callback chain broken in unexpected way with combination of association + callbacks,2019-04-29T12:26:56Z,2019-04-30T13:43:30Z
36138,"The validations of an association, which is self-join relation, always raise errors",2019-04-30T07:45:39Z,2019-08-05T16:01:18Z
36139,No connection pool... with multiple dbs and attributes ,2019-04-30T09:41:06Z,2019-05-07T18:48:33Z
36141,ActiveStorage attached file not found in after_create,2019-04-30T12:01:23Z,2019-05-01T00:01:13Z
36145,Use of monotonic_time in ActiveSupport::Notifications is a breaking change,2019-04-30T18:47:09Z,2019-05-10T19:16:50Z
36154,ActionView::HelperInclusionTest#test_helper_class_that_is_being_tested_is_always_included_in_view_instance gets error,2019-05-01T12:38:06Z,2019-05-06T14:23:57Z
36156,Integration test errors raise instead of responding with 500 page,2019-05-01T15:04:55Z,2019-05-01T20:40:02Z
36158,ActiveSupport::EventedFileUpdateChecker broken with no directories to watch,2019-05-01T18:19:07Z,2019-08-14T19:54:54Z
36170,(Time.zone.now.midnight..Time.current).minmax logs a warning for every second covered,2019-05-03T09:56:05Z,2019-05-09T02:58:05Z
36171,request.headers whitlist 'api_key' in rails 6 API mode ,2019-05-03T13:22:50Z,2019-05-04T22:55:26Z
36173,Proposal: ActionCable return promises on async events,2019-05-03T16:38:26Z,2019-08-08T20:22:08Z
36175,"DateTime, Date comparison doesn't work as expected",2019-05-03T17:55:55Z,2019-08-13T14:03:36Z
36177,eager load doesn't work as expected in Action Text,2019-05-04T14:04:34Z,2020-03-24T21:00:25Z
36182,ActiveStorage::Variant can't composite Vips::Image instances,2019-05-04T21:40:21Z,2019-08-10T20:51:58Z
36187,db:create not working (PG::ConnectionBad),2019-05-06T02:45:24Z,2019-05-06T03:40:53Z
36188,Zeitwerk causes a hard crash when running Rails Generators that constantize a recently created controller's name,2019-05-06T06:21:20Z,2019-07-12T15:28:15Z
36199,Rails attribute API typecast is not working properly with Dirty tracking of attributes,2019-05-07T12:03:09Z,2019-05-15T18:53:51Z
36204,"manifest.js directly loads all *.{css,scss,sass} which preempts application.css",2019-05-07T21:14:42Z,2019-08-12T22:43:27Z
36205,Migrations not namespaced by database in Rails 6,2019-05-07T21:33:52Z,2019-07-06T12:42:47Z
36206,ActiveRecord::RecordInvalid: Validation failed: XXX must exist,2019-05-07T22:31:22Z,2019-05-20T19:02:43Z
36207,ActiveModel numericality validation fails with floats with a large number of significant decimal digits,2019-05-08T04:57:15Z,2020-01-07T00:23:24Z
36208,Nested attributes use default id is :id when custom id for nested model,2019-05-08T06:39:34Z,2019-06-03T22:30:20Z
36209,Iterating over Enumerator::ArithmeticSequence generated by Range.step(ActiveSupport::Duration) is extremely slow.,2019-05-08T09:47:39Z,2019-05-09T02:44:23Z
36211,config.eager_load has no default,2019-05-08T13:01:21Z,2019-05-08T18:26:17Z
36212,"tag_option fails with ""gsub!"" if value is already frozen safe buffer",2019-05-08T14:36:03Z,2019-08-14T14:54:54Z
36217,includes(has-many).limit.pluck behaves differently than left_joins(has-many).limit.pluck,2019-05-08T17:11:58Z,2019-11-12T16:14:07Z
36218,Add Search to guides.rubyonrails.org website ,2019-05-08T19:45:52Z,2019-09-02T22:38:22Z
36219,Interaction Between `autosave` and `touch` on inverse associations causes unexpected (empty) `previous_changes` after save,2019-05-08T19:53:04Z,2019-05-13T14:48:37Z
36224,Unable to save a record with has many through relationship rails,2019-05-09T06:48:16Z,2019-05-09T07:38:56Z
36228,"rails test, console, and generate exit with cache_control error",2019-05-09T21:14:14Z,2019-05-12T12:05:54Z
36229,Unexpected nested transaction rollback behavior with explicit ActiveRecord::Rollback,2019-05-09T21:19:33Z,2019-08-17T00:40:12Z
36230,Multiple roots in routing constraints blocks do not work,2019-05-10T02:57:48Z,2019-05-10T13:25:05Z
36231,select column name as alias gives different output format,2019-05-10T07:14:58Z,2019-05-12T03:59:08Z
36232,Rails 6 RC1: Migration was not run notification doesn't seem to work anymore,2019-05-10T09:57:17Z,2019-05-23T14:41:20Z
36233,docs fixup on named route helpers,2019-05-10T15:42:21Z,2019-07-26T18:39:59Z
36234,feature requests portal,2019-05-10T16:05:15Z,2019-05-10T16:16:32Z
36235,ActionText attachments not using correct host,2019-05-10T17:53:06Z,2019-08-17T04:40:12Z
36236,Fix ArgumentError with Rails 5.2.x ActiveRecord subclass constructor arguments.,2019-05-10T18:09:06Z,2019-05-13T17:35:39Z
36238,Result of ActiveStorage #attach is different from 5.2.3 to 6.0 and is not documented,2019-05-10T20:51:28Z,2019-05-11T05:03:56Z
36264,Optimistic locking does not handle nulls properly,2019-05-13T03:17:11Z,2019-11-03T10:23:36Z
36266,Memory leak in WSL Windows 10,2019-05-13T06:53:49Z,2019-05-14T02:26:31Z
36267,Question: Best way to join ActionText Model?,2019-05-13T07:06:44Z,2019-05-13T08:10:52Z
36272,"Better warning message for negative scopes and enum elements prefixed with ""not_""",2019-05-13T19:47:48Z,2019-08-20T22:57:59Z
36274,columns_hash on abstract ActiveRecord model raises obscure error,2019-05-13T20:52:02Z,2019-06-19T18:47:09Z
36277,rails_blob_path disregards `disposition: :inline` option,2019-05-14T16:41:28Z,2019-10-02T18:06:11Z
36278,Active Storage with Direct Upload js giving syntax error ,2019-05-14T19:11:31Z,2019-09-11T17:58:35Z
36280,rails new my-app --skip-webpack-install results in broken app,2019-05-14T22:23:20Z,2019-05-16T08:51:11Z
36285,database.yml no longer supports arbitrary ERB output,2019-05-15T15:14:22Z,2019-05-16T07:26:59Z
36287,Error during delete_all with include/references association,2019-05-15T17:56:22Z,2019-05-18T07:06:45Z
36288,Error using Rails 6 parallel testing and system tests: `ChildProcess::LaunchError: Text file busy - /home/circleci/.webdrivers/chromedriver`,2019-05-15T18:58:37Z,2019-07-04T20:20:30Z
36293,6.0.0.rc1: ActiveRecord occurs an error when using `through` and `merge`,2019-05-17T05:01:57Z,2019-05-19T11:00:53Z
36295,`select_tag` helper modifies input parameters without documenting it,2019-05-17T15:38:31Z,2019-05-28T15:20:22Z
36297,Singleton method caching causing strange behavior when checking parent data,2019-05-17T19:55:03Z,2019-05-20T19:32:04Z
36298,Current Attributes gets reset in tests,2019-05-17T21:11:44Z,2019-05-23T18:00:28Z
36301,ActionCable - Not returning {type: welcome} and auto unsubscribing,2019-05-18T16:49:57Z,2019-05-20T20:25:05Z
36308,Add support for range in where with negative infinity,2019-05-20T11:27:45Z,2019-05-20T13:02:17Z
36313,Rails 6.0.0.rc1 Missing Deprecation SourceAnnotationExtractor::Annotation,2019-05-20T20:51:20Z,2019-07-16T04:09:01Z
36315,"ActionView::Template::Error (wrong number of arguments (given 2, expected 0..1)",2019-05-21T07:34:12Z,2019-06-05T15:51:40Z
36319,EventedObject subscribers don't have access to payloads modified during instrument blocks. ,2019-05-21T21:48:07Z,2019-07-25T20:47:11Z
36321,ActiveStorage::Blob and others excluded from Docs,2019-05-21T23:23:47Z,2019-12-17T21:04:07Z
36322,ActiveRecord::Base.cache_versioning is false even tough Rails.application.config.active_record.cache_versioning set to true,2019-05-21T23:55:57Z,2019-05-29T23:01:49Z
36330,Rails 6rc1 connected_to(database: ...) leaks connections.,2019-05-22T17:00:28Z,2019-05-27T20:31:04Z
36332,6.0.0.rc1 javascript_include_tag missing in layouts.html.erb file when using rails plugin new myenginename --mountable,2019-05-23T07:04:32Z,2019-07-06T11:01:02Z
36333,ActiveRecord leaves sleeping threads after connection.close,2019-05-23T08:40:31Z,2019-05-27T20:40:02Z
36334,`ActiveModel::Errors#added?` does not match custom message symbol,2019-05-23T08:46:12Z,2019-05-23T18:05:40Z
36335,after_commit isn't triggered on destroy when mutual dependent: :destroy + non-standard :foreign_key,2019-05-23T14:51:00Z,2019-08-28T16:17:32Z
36338,6.0.0rc1 - Foreign Keys in Transaction Deadlocks Database,2019-05-23T19:30:30Z,2019-06-03T20:25:42Z
36339,can't rename webpacker directory,2019-05-23T20:32:22Z,2019-07-12T22:02:21Z
36341,"500 on ActionTemplate ""no implicit conversion of nil into Array"" when error near bottom of file",2019-05-24T20:21:01Z,2019-09-24T22:33:58Z
36342,LoadError for ffi when creating a new rails app,2019-05-25T02:29:00Z,2019-06-07T19:29:35Z
36351,time_zone_select using non-standard abbreviated names prevents correct selection of default,2019-05-28T13:35:56Z,2019-09-09T21:38:01Z
36359,Using unsupported database features leads to incomplete schema.rb files without error or warning,2019-05-29T14:34:46Z,2019-09-04T20:26:38Z
36360,Add property or modify cookie,2019-05-29T14:41:11Z,2019-05-29T22:52:15Z
36361,CI does not run any tests for active storage for any cloud providers on pull requests,2019-05-29T14:59:40Z,2019-05-29T17:41:14Z
36363,Unexpected deprecation warning in Rails 6:  'Initialization autoloaded the constant Example',2019-05-30T01:03:37Z,2019-06-07T18:31:23Z
36366,There should be a reminder message to backup your master.key file,2019-05-30T17:25:37Z,2019-05-30T17:56:44Z
36368,webpack fails to compile with ActionText,2019-05-31T05:36:45Z,2019-06-04T04:22:16Z
36374,Active Storage has_many_attached attachments get destroyed when subsequent files are attached,2019-05-31T20:56:57Z,2019-07-20T10:33:11Z
36381,Rails 6 zeitwerk autoload problem with gem,2019-06-03T00:20:33Z,2019-07-14T10:17:41Z
36382,Multiple db connection issues,2019-06-03T07:33:50Z,2019-06-05T14:01:19Z
36383,Inconsistent behavior on db:prepare task,2019-06-03T08:13:48Z,2019-12-07T21:17:47Z
36386,Jobs fail because of TypeError in ActionText,2019-06-03T13:42:12Z,2019-09-08T14:37:35Z
36390,ActiveRecord -> DynamicMatchers -> method_missing call stack not provided,2019-06-03T15:39:43Z,2019-09-08T16:37:35Z
36391,Autoloading guides revamp,2019-06-03T16:49:57Z,2019-07-11T19:31:57Z
36392,ActiveStorage::Blob: analyzed metadata is missing width/height,2019-06-03T17:03:35Z,2019-09-13T15:09:53Z
36393,rails db:fixtures:load doesn't play nicely with ActiveRecord::FixtureSet.context_class,2019-06-03T17:08:41Z,2019-06-07T02:16:27Z
36396,Preloading associations into multiple in-memory copies of the same record causes duplicates,2019-06-03T21:16:44Z,2019-06-06T22:38:28Z
36400,Rails 5.2.3 - SystemStackError - stack level too deep:,2019-06-04T10:00:32Z,2019-06-04T10:15:28Z
36401,Marshal.dump raises TypeError on ActiveRecord instance,2019-06-04T10:54:20Z,2019-09-08T10:09:43Z
36402,ActiveRecord::Calculations#count does not work when using custom `select`s,2019-06-04T11:24:28Z,2019-09-29T04:25:00Z
36403,Reaper does not collect stale connections,2019-06-04T11:34:15Z,2019-06-04T22:56:33Z
36410,`rails db:migrate RAILS_ENV=test` somehow deletes indexes from tables,2019-06-05T05:51:52Z,2019-06-05T22:39:22Z
36411,Edit credentials.yml.enc will remove the Symbolic Link,2019-06-05T07:16:10Z,2019-09-23T02:59:16Z
36418,Scaffolding: force-plural is ignored in controller identifier,2019-06-05T11:51:25Z,2019-10-31T18:21:25Z
36421,Error installing rails in NETRUNNER LINUX,2019-06-05T21:01:25Z,2019-06-05T22:35:21Z
36425,render_to_string in AbstractController::Rendering always returns nil?,2019-06-06T05:02:12Z,2019-06-07T02:01:42Z
36430,Session variable set via ajax request not accessible on next request.,2019-06-06T12:41:38Z,2019-09-22T19:59:15Z
36432,HABTM: Remove records after rollback on parent.save,2019-06-06T15:15:30Z,2019-09-11T15:58:35Z
36436,Generated controller test does not pass due to undefined url local variable.,2019-06-06T20:51:48Z,2019-06-07T23:16:19Z
36441,`__FILE__` isn't available in `config/database.yml` when using ERB,2019-06-07T21:20:47Z,2019-09-12T22:18:31Z
36444,#except does not work with Hashie::Mash,2019-06-08T01:18:48Z,2019-06-08T22:16:32Z
36445,"Sass::SyntaxError: Invalid CSS after "" *= require_self"": expected ""{"", was """"",2019-06-08T13:20:43Z,2019-06-13T04:33:13Z
36446,"Sass::SyntaxError: Invalid CSS after "" *= require_self"": expected ""{"", was """"",2019-06-08T13:33:18Z,2019-06-08T22:12:15Z
36450,rails db:migrate not giving an error but not showing up on web,2019-06-10T00:37:09Z,2019-06-24T15:47:11Z
36451,ActiveSupport core extension blows up when using include? on endless range,2019-06-10T04:13:46Z,2019-09-09T04:14:29Z
36453,Association statement cache cause wrong query after table name changed,2019-06-10T08:50:21Z,2019-09-22T18:59:17Z
36458,Error: undefined method `keys' for #<ActionView::Template,2019-06-10T19:33:29Z,2019-06-10T21:42:44Z
36459,"ActionText SQLite3::ConstraintException: UNIQUE constraint failed: action_text_rich_texts.record_type, action_text_rich_texts.record_id, action_text_rich_texts.name",2019-06-10T23:11:55Z,2019-06-16T17:01:11Z
36461,zeitwerk:check fails due to file in ActiveSupport::Dependencies.autoload_paths,2019-06-11T05:46:41Z,2019-07-12T16:16:10Z
36462,Date/Time comparisons may be incorrect depending on TimeZone,2019-06-11T12:21:38Z,2019-09-16T14:22:25Z
36463,Updating an attribute to a symbol value with update_columns and reading attribute causes a change on that attribute to be falsely reported,2019-06-11T19:39:22Z,2019-09-28T08:50:09Z
36464,upload works in dev - not in production if larger than a few KB,2019-06-11T20:35:40Z,2019-06-13T04:22:23Z
36465,ConnectionPool.connections provides public unsynchronized access to @connections,2019-06-11T20:58:03Z,2019-06-13T18:23:14Z
36468,ActiveStorage permanent S3 URL,2019-06-12T18:59:30Z,2019-10-30T20:20:05Z
36474,rails db:prepare fails when pending migrations exist,2019-06-13T17:37:18Z,2019-06-14T05:25:30Z
36476,"Select with Virtual Attribute ( ""as"" ) not Working and add ""count"" unnecesary",2019-06-13T19:38:10Z,2019-06-27T22:25:28Z
36479,test_attributes_not_backed_by_database_columns_properly_interact_with_mutation_and_dirty fails,2019-06-14T00:38:05Z,2019-06-14T23:26:53Z
36480,What can be the reason of â€œUnable to find subscription with identifierâ€ in Rails ActionCable?,2019-06-14T05:03:06Z,2019-06-18T23:06:16Z
36485,Delegate does not fail for has_many dependent destroy,2019-06-14T15:05:45Z,2019-11-09T23:15:19Z
36489,javascript_pack_tag and stylesheet_pack_tag(s) not rendering correctly in RAILS_ENV=production,2019-06-14T21:48:28Z,2019-06-15T04:11:43Z
36491,Mounted route fails if it has a dot in path (at first part),2019-06-15T08:03:16Z,2019-09-13T15:03:29Z
36496,ActiveRecord::Base.descendants / ActiveRecord::Base.subclasses broken?,2019-06-16T03:21:02Z,2019-06-16T05:14:11Z
36498,Rails installation error because ruby installer cannot find openssl,2019-06-16T14:29:19Z,2019-06-18T09:31:30Z
36500,Form submit appears to be Ajax by default,2019-06-16T22:19:01Z,2019-06-17T14:20:54Z
36501,Attribute method won't be defined by composed_of for ActiveRecord,2019-06-17T00:22:02Z,2019-08-07T19:03:03Z
36505,activestorage sometimes return wrong file URL.,2019-06-17T12:46:02Z,2019-07-02T23:07:16Z
36509,Empty array interpolation issue,2019-06-17T17:42:45Z,2019-09-24T14:33:48Z
36510,"Partial collection, Obliged to put ""as"" option",2019-06-17T17:51:24Z,2019-06-17T17:58:15Z
36513,Proposal: Add ability to work with database views in Active Record,2019-06-18T08:59:13Z,2019-06-18T23:07:48Z
36514,Active Storage direct upload to disk fails when faced with blank content type due to unknown file type.,2019-06-18T16:45:16Z,2019-09-23T23:33:01Z
36515,"command ""rails generate scaffold post title:string body:text"" is stuck",2019-06-18T16:54:01Z,2019-07-02T18:07:17Z
36516,Misleading route definition should produce warning,2019-06-18T17:36:19Z,2019-06-18T18:24:43Z
36517,Need to access active_model_serializer object into rails controller,2019-06-19T11:04:12Z,2019-06-21T23:03:21Z
36519,"Rails upgrade to 4.2.1 raise error  type ""public.hstore"" does not exist",2019-06-19T12:58:52Z,2019-09-26T08:40:34Z
36522,"ActiveSupport::Cache serialization bug, possible connection to ActiveStorage",2019-06-20T05:12:17Z,2019-07-22T16:19:07Z
36533,HashWithIndifferentAccess doesn't work with % format operator,2019-06-21T23:41:04Z,2019-06-22T00:09:02Z
36536,AR: `self.implicit_order_column` not always respected 6.0.0.rc1,2019-06-22T07:54:34Z,2019-06-24T18:55:19Z
36539,Rails image_tag does not generate the digest in production,2019-06-22T23:39:30Z,2019-07-08T19:04:27Z
36540,6.0.0rc1 Psych::BadAlias: Unknown alias: dummy_compiler in load_database_yaml,2019-06-23T13:02:08Z,2019-06-27T14:08:08Z
36548,Documentation on Breaking Change of ActionView::Template::Handlers::ERB call method.,2019-06-24T11:09:36Z,2019-09-29T19:47:33Z
36549,none.except(:where) does not work as expected,2019-06-24T16:18:24Z,2019-06-24T18:26:11Z
36550,RAILS_ENV environment variable causes __FILE__ to be (incorrectly) set to the absolute path of the file in Rails 5.2,2019-06-24T19:49:13Z,2019-06-24T20:17:16Z
36551,Using `puts` to block argument with `with_options` raises an exception,2019-06-25T08:00:35Z,2019-06-25T08:26:45Z
36552,SQL error because has_many :through a scoped association only partially applies the conditions. The scope uses #merge.,2019-06-25T14:04:23Z,2019-09-30T14:47:35Z
36558,Chained .joins incorrectly re-ordered during query,2019-06-26T14:19:10Z,2019-12-08T21:50:34Z
36559,Database config options being discarded when merged with DATABASE_URL,2019-06-26T16:25:19Z,2019-06-27T17:37:33Z
36567,ActiveRecord::AttributeMethods.attribute_names returns a memoized modifiable array,2019-06-27T22:51:40Z,2019-06-27T23:08:06Z
36569,Error during WebSocket handshake: 'Connection' header is missing,2019-06-28T13:30:19Z,2019-06-29T23:28:27Z
36572,errors.added?(),2019-06-29T08:48:55Z,2019-06-29T22:20:05Z
36573,errors.added? for :id seems to be broken,2019-06-29T08:53:12Z,2019-10-05T01:13:55Z
36574,form_with local: true uses remote get anyway,2019-06-29T12:21:43Z,2019-06-29T12:49:00Z
36577,ActionText's Trix editor is incompatible with CSP when using nonces,2019-06-29T17:22:05Z,2019-07-03T08:39:27Z
36581,Incoherent validation with nested_attributes for belongs_to associations,2019-07-01T17:00:45Z,2019-07-24T18:44:54Z
36584,Rubocop 0.72.0  error: obsolete `EnforcedStyle: rails`,2019-07-02T04:34:37Z,2019-07-02T05:11:12Z
36586,Missing the broadcast method in ActiveSupport::Logger online documentation,2019-07-02T15:36:47Z,2019-07-06T00:38:34Z
36587,QueryCache not working in Capybara transactional tests,2019-07-02T21:04:07Z,2019-07-10T19:05:23Z
36588,when i uploading the file using the paperclip gem getting the NoMethodError (undefined method `each' for #<ActionDispatch::Http::UploadedFile:0x0000000010bf1408>) ERROR,2019-07-03T04:13:15Z,2019-07-03T04:19:05Z
36590,Test agains ruby-head,2019-07-03T09:09:17Z,2019-09-10T08:21:47Z
36591,save! of object with invalid children doesn't raise an exception,2019-07-03T15:33:54Z,2019-10-09T19:13:14Z
36595,Rails 6.0.0.rc1 'follower' database not configured for the 'beta' environment,2019-07-04T00:24:32Z,2019-07-21T13:51:19Z
36596,Rails 5.0 missing column in column name list,2019-07-04T08:38:09Z,2019-07-06T01:00:12Z
36597,Allow rename_column to take an index,2019-07-04T09:45:50Z,2019-07-06T01:01:46Z
36598,support for mysql datatype 'point' and other geo spatial datatypes,2019-07-04T14:58:37Z,2019-07-05T03:03:58Z
36601,"Actioncable imports itself incorrectly, causing failures when SSR in react-rails",2019-07-04T21:44:04Z,2019-10-27T16:05:01Z
36606,Duplicate column overwritten despite error in Sqlite,2019-07-05T21:31:15Z,2019-11-15T12:28:18Z
36607,ActionText::RichText#present? returns false when an attachment is present,2019-07-05T22:09:54Z,2019-07-08T02:10:50Z
36608,System Tests don't easily allow for https sessions,2019-07-06T08:33:47Z,2019-07-25T02:19:22Z
36610,Specific database URL in database.yml config is overwritten if ENV['DATABASE_URL'] exists ,2019-07-06T18:33:30Z,2019-07-08T09:06:26Z
36613,Oracle database raises ORA-00904 if group by clause uses alias name,2019-07-07T12:49:25Z,2019-07-08T02:38:35Z
36625,Bug in first_or_create/first_or_initialize block,2019-07-08T18:39:20Z,2019-07-08T21:51:14Z
36629,Setting `host` alone in ActiveStorage Disk Service is insufficient,2019-07-08T21:25:57Z,2019-07-23T14:37:48Z
36632,The error happens when Relation#any? used with distinct() + offset() + order() for joined table in PostgreSQL,2019-07-09T01:06:05Z,2019-07-11T00:15:13Z
36636,after_action doesn't fire after rescue_block,2019-07-09T09:37:05Z,2019-07-22T18:57:39Z
36641,ActiveStorage::BlobsController controller security concern.,2019-07-09T14:54:45Z,2019-07-11T02:03:58Z
36643,Can not rescue ArgumentError with enum assign,2019-07-10T08:01:33Z,2019-07-10T22:46:02Z
36644,Durations do not check underlying quantity,2019-07-10T08:53:37Z,2020-04-05T21:35:01Z
36646,ActiveSupport::CurrentAttributes attributes doesn't pass down to child thread ,2019-07-10T10:23:05Z,2019-07-24T19:17:16Z
36650,Default initializer files promote a configuration anti-pattern,2019-07-10T16:54:36Z,2019-07-16T01:50:59Z
36657,ActiveSupport::LogSubscriber documentation is missing some information,2019-07-11T15:02:30Z,2019-07-16T16:10:38Z
36661,Rails 6.0.0.rc1: NoMethodError: undefined method `each_pair' for false:FalseClass,2019-07-12T11:12:47Z,2019-07-15T13:11:37Z
36662,URL helper methods are generated differently on collection routes,2019-07-12T16:18:11Z,2019-07-12T21:10:01Z
36670,Rails 6.0.0.rc1  config.paths['public'] not working,2019-07-13T08:08:56Z,2019-07-13T22:30:56Z
36673,For Rails 6.1.0.alpha Devise version is 1.5.4 and undefined method `alias_method_chainâ€™,2019-07-14T01:13:52Z,2019-07-14T14:09:53Z
36680,What's the point of argument *table_names for #references method in ActiveRecord::QueryMethods?,2019-07-14T23:41:37Z,2019-07-16T02:08:38Z
36683,Action Text - ApplicationRecord::dup leaves rich_content fields empty,2019-07-15T12:58:57Z,2019-11-03T06:23:36Z
36686,[Rails 6.0rc1] window.Rails not defined,2019-07-15T18:24:53Z,2019-07-23T13:37:10Z
36687,Rails 5 routing through engine breaking on extra params,2019-07-15T22:04:47Z,2019-07-15T22:18:04Z
36688,Does the ActiveRecord not support using alias column name in where function?,2019-07-16T01:14:03Z,2019-07-16T02:46:22Z
36689,@glennfu If you open your web browser developer tools console you'll see that full stack trace printed out when the error happens.,2019-07-16T09:49:10Z,2019-07-16T11:54:07Z
36693,rails new command generates a .ruby-version file thats not understood by rbenv,2019-07-16T19:30:12Z,2019-07-16T19:49:40Z
36697,"Rails 5, Rails 6rc1 - ActionCable stream_for doesn't work from a delayed ActiveJob",2019-07-17T07:22:13Z,2020-02-13T09:30:01Z
36699,Unable to add gemfile entry through custom Rails::Generators::AppGenerator,2019-07-17T15:57:31Z,2019-07-17T16:13:42Z
36704,Extreme lag on cli,2019-07-18T01:51:16Z,2019-07-18T01:52:18Z
36705,Named routes do not work in ActionMailer::Preview when opening the preview on browser,2019-07-18T10:16:18Z,2019-07-19T05:46:41Z
36707,Single method for digit grouping and trailing zeros,2019-07-19T01:41:59Z,2019-07-20T08:30:08Z
36718,`#id=` raises confusing error for a model with no primary key,2019-07-19T20:22:57Z,2019-07-22T02:37:26Z
36719,Rails 6 - error page logs no information if a file misreports line counts,2019-07-20T01:46:52Z,2019-07-22T20:30:03Z
36722,SQLite3::DatabaseStatements#begin_db_transaction and exec_rollback_db_transaction methods executed from other database adapters,2019-07-21T09:23:19Z,2019-07-29T00:15:21Z
36725,ActionText ContentHelper stripping inline style from rich text content,2019-07-22T12:34:55Z,2019-08-04T21:36:12Z
36728,Inputs inside disabled fieldset are submited on remote: true forms,2019-07-22T17:34:17Z,2019-07-26T17:48:19Z
36730,Add support for NOT using secrets.,2019-07-22T18:55:50Z,2019-09-30T12:47:55Z
36732,Default value of cache_timestamp_format in guides is not correct,2019-07-23T03:12:08Z,2019-07-23T12:45:34Z
36734,[rails6.0.0-rc1] Actioncable.server.broadcast not work at `Rails console` environment,2019-07-23T09:24:57Z,2019-10-31T16:21:23Z
36736,Rails RC2 regression in multiple datbases,2019-07-23T13:40:29Z,2019-07-24T23:49:15Z
36739,index_exists? doesn't match column names in PostgreSQL for `lower(name)`,2019-07-23T21:53:12Z,2019-07-25T14:19:05Z
36742,left_join work with join_table raise error,2019-07-24T03:55:44Z,2019-07-26T17:57:24Z
36743,Rails 6 multiple DB test Issue - PG::ConnectionBad: connection is closed error,2019-07-24T04:41:56Z,2019-08-04T19:25:06Z
36750,The direct-upload-url is having wrong hostname in Staging env but a correct one in Development env,2019-07-24T15:35:37Z,2019-07-24T17:08:50Z
36751,Join model with touch: true and counter cache in HABTM association doesn't touch associated object [5.2.0],2019-07-24T16:52:08Z,2019-07-24T19:26:05Z
36752,Rails.logger is not fiber safe,2019-07-24T17:17:20Z,2019-07-24T20:28:57Z
36754,ActiveRecord::Tasks::DatabaseTasks regression when used outside of Rails,2019-07-24T20:32:57Z,2019-07-25T16:59:09Z
36755,"PG::UndefinedTable: ERROR:  relation ""users"" does not exist",2019-07-24T22:04:45Z,2019-07-24T23:55:04Z
36757,Rails 6 RC2 regression with autoloader classic,2019-07-25T00:47:23Z,2020-04-29T10:15:25Z
36761,Rails 6 RC2 joins / arel regression,2019-07-25T15:17:47Z,2019-07-30T03:39:51Z
36763,Rails 6 RC2 regression: (postgres) prepared statement improperly parameterized,2019-07-25T16:22:08Z,2019-08-16T17:43:34Z
36768,Adding Documentation for CSFR in rails,2019-07-25T23:44:27Z,2019-07-26T02:09:07Z
36774,[6.0.0.rc2] Rails helpers are no longer recognized: Missing helper file helpers/application_helper.rb (AbstractController::Helpers::MissingHelperError),2019-07-26T13:10:01Z,2019-07-28T12:13:05Z
36796,how to connection multiple hosts in rails 5?,2019-07-29T05:25:42Z,2019-07-29T12:16:26Z
36797,Error when dragging and dropping image in ActionText area,2019-07-29T05:49:07Z,2019-07-29T14:15:47Z
36799,Rails 6 RC2 regression with webpacker and staging env,2019-07-29T10:23:36Z,2019-08-15T22:56:59Z
36801,Feature request: i should be able to set URL params in redirect_back method,2019-07-29T11:34:01Z,2019-07-29T14:06:39Z
36802,Rails 6 rc2 regression: reorder('') does not stop AR to generate a ORDER BY clause with first,2019-07-29T15:03:55Z,2019-08-09T08:58:35Z
36806,ActiveStorage: has_many_attached only persists the last added file when attaching via file i/o,2019-07-29T20:32:32Z,2019-08-15T20:43:29Z
36807,Setup time for parallelize worker testing is excessive for singe test case runs,2019-07-29T22:33:25Z,2019-08-09T22:43:49Z
36808,Introduce ActiveML and ActionClassifier for Rails 7,2019-07-29T23:06:21Z,2019-07-30T08:14:58Z
36816,`COMMENT ON EXTENSION xxx` in Structure.sql causing problems when loading db on Heroku and other services,2019-07-30T16:58:35Z,2019-11-06T03:31:06Z
36817,`db:seed` fails to use the correct database for multi-db models,2019-07-30T18:36:14Z,2019-07-31T16:50:45Z
36822,"6.0.0.rc2: The behavior of validation when using `accept_nested_attributes_for` is changed, and ActiveRecord has not working validation for associated models.",2019-07-31T12:04:10Z,2019-10-04T15:06:50Z
36830,Rails 6 RC2 multi-db issue under multithreaded environment,2019-08-01T06:13:53Z,2019-08-06T19:58:01Z
36832,Rails 6.0.0.rc2 sqlserver no method alias_method_chain,2019-08-01T13:39:12Z,2019-08-02T08:10:52Z
36838,ActiveRecord: allow associating scoped relations via Preloader,2019-08-01T23:32:21Z,2019-11-07T00:31:07Z
36840,Feature Request: Support for dynamic email - amp4email,2019-08-02T09:18:38Z,2019-08-04T15:52:54Z
36841,db:create task fails if routes touch the database,2019-08-02T10:27:44Z,2019-08-02T12:10:00Z
36842,How to map already uploaded s3 image with ActiveStorage,2019-08-02T13:00:53Z,2019-08-03T01:15:01Z
36844,ActiveSupport::TestCase is devastatingly polluting Ruby,2019-08-02T16:32:42Z,2019-11-07T19:03:06Z
36850,Heroku - Multi database - Rails 6,2019-08-03T06:39:43Z,2019-08-05T01:48:48Z
36851,How get webm or png variant for gif attachment from ActiveStorage?,2019-08-03T15:44:03Z,2019-11-23T18:46:43Z
36853,ActionText: Hooking into 'trix-attachment-remove' event to purge the file,2019-08-03T19:19:44Z,2019-08-04T17:01:11Z
36855,ActiveRecord::Base.serialize could chain serialization coders,2019-08-04T07:39:46Z,2019-08-06T21:54:49Z
36858,white_list_sanitizer is deprecated,2019-08-05T14:23:44Z,2019-08-05T14:43:10Z
36861,ActiveSupport 5.2 Can't convert Hash with similar String keys to JSON without losing data,2019-08-05T20:26:35Z,2019-08-06T16:35:59Z
36862,6.0.0rc2 dev mode regression wrong constant name primary,2019-08-05T23:24:51Z,2019-08-06T12:23:58Z
36867,Rails6.0.0rc2 raises ActiveRecord::StatementInvalid: SQLite3::SQLException,2019-08-06T16:33:14Z,2019-08-07T14:20:44Z
36874,There is a missing release note about AR::Dirty methods changed inside of after_(create|update|save) callbacks,2019-08-07T09:37:19Z,2020-01-10T18:13:41Z
36875,"Add blank to ""isdeprecated"" warning",2019-08-07T10:53:27Z,2019-08-07T11:10:16Z
36878,> No way to build new ActiveStorage::Service,2019-08-07T14:37:06Z,2019-08-07T14:49:02Z
36887,"6.1.0.alpha, Active Storage, Turbolinks: After deletion of post with image, Turbolinks try to GET deleted blob",2019-08-08T00:09:34Z,2019-12-19T19:28:15Z
36888,ActiveRecord::ConnectionTimeoutError when controller has a long task inside,2019-08-08T07:35:36Z,2019-08-08T07:47:12Z
36891,Mail with AMP-HTML body is not rendering correctly on email - ActionMailer ,2019-08-08T11:34:48Z,2019-08-08T18:14:52Z
36892,Active Storage Uploads Before Validations,2019-08-08T16:22:41Z,2019-08-08T22:02:14Z
36895,including scoped has_many through association is ignored when including unscoped has_many through association of same type before it,2019-08-08T19:45:30Z,2019-11-13T21:16:20Z
36897,Misleading documentation for rendering a collection of hashes,2019-08-09T10:10:58Z,2019-08-10T02:51:24Z
36898,"Silencing logging with Ruby 2.3.8 Syslog::Logger in Rails 4.2.11.1 gives no ""superclass method 'local_level='""",2019-08-09T11:52:09Z,2019-08-09T17:53:28Z
36902,DateTime converted to local before insertion after rails 4.2.8,2019-08-09T19:09:41Z,2019-08-28T09:17:25Z
36908,Rails goes down because of become incapable for new tech needs,2019-08-11T13:28:55Z,2019-08-11T16:10:54Z
36909,Wrong route when resource and resources are both present,2019-08-11T13:55:09Z,2019-11-17T12:14:48Z
36911,ActiveStorage links are too long!,2019-08-11T19:48:25Z,2019-08-11T20:13:23Z
36916,human_attribute_name inconsistently provides attributes,2019-08-12T15:28:33Z,2019-08-15T22:00:03Z
36917,The query changes unintentionally in case of calling find method to models with STI,2019-08-12T16:11:07Z,2019-08-12T17:13:12Z
36918,store_accessor attribute merges into existing (potentially stale) store,2019-08-12T16:44:54Z,2019-11-17T18:14:48Z
36919,Rails logger local_level only allows silencing logs but not verbose,2019-08-12T17:10:05Z,2019-11-17T21:43:53Z
36921,Rails 6 RC2/PostgreSQL excludes table from schema.rb if table uses custom type based on postgres enums ,2019-08-12T20:57:54Z,2019-08-12T21:05:49Z
36923,ActiveSupport::Cache::Store#delete doesn't support pass multi keys,2019-08-13T03:01:33Z,2019-08-14T23:19:07Z
36924,A protected action is ignored quietly. Is this a desirable behaviour ?,2019-08-13T08:18:02Z,2019-08-13T17:57:37Z
36926,The list of enable_extension calls in db/schema.rb reorders itself depending on the developer's setup,2019-08-13T19:07:45Z,2019-08-14T21:44:29Z
36928,Adding connects_to in ApplicationRecord and subclass mixes up connections during seeds,2019-08-13T23:06:42Z,2019-08-14T05:05:20Z
36929,ActiveSupport::Callbacks around filter after yield is run after after filters,2019-08-13T23:29:39Z,2019-08-14T05:02:36Z
36934,`after_commit on: :update` sometimes called even when validation failed,2019-08-14T13:10:51Z,2019-12-27T08:14:12Z
36935,ActionView::MissingTemplate in Rails 5.2.0,2019-08-14T13:41:22Z,2019-08-15T11:50:53Z
36938,Rails 6 - Oracle-enhanced adapter - connection issues,2019-08-14T21:50:35Z,2019-08-26T19:58:00Z
36940,PostgreSQL IDENTITY and OVERRIDE clause for Arel/AR INSERT,2019-08-15T01:16:57Z,2019-08-15T01:48:50Z
36942,Refused to load the stylesheet,2019-08-15T10:33:04Z,2019-11-20T11:59:34Z
36950,"Calling ActiveSupport::TimeZone['UTC'].parse on a non-existant date returns a different, valid date",2019-08-16T03:12:11Z,2019-08-16T03:27:12Z
36953,"6.0.0 â€“Â Bundler could not find compatible versions for gem ""railties"" for a NEW app",2019-08-16T19:19:14Z,2019-08-16T20:26:28Z
36954,Upgrade sass-rails to ~> 6?,2019-08-16T19:30:03Z,2019-08-16T23:20:33Z
36956,ActiveSupport::Cache::MemoryStore internal values can be mutated externally,2019-08-16T21:07:59Z,2019-09-16T17:30:04Z
36957,Maintenance Policy Guide needs updating for 6.0 release,2019-08-16T21:08:18Z,2019-08-16T22:40:19Z
36959,6.0 Migration Guide does not mention config.hosts,2019-08-17T00:11:43Z,2020-01-02T23:23:35Z
36960,"What is the reasoning of removing Rails 5.0 and 5.1 from ""Severe Security Issues"" section ?",2019-08-17T00:27:31Z,2019-08-18T21:28:43Z
36970,Rails 6 on create new app error occur no implicit conversion of String into Integer (TypeError),2019-08-18T14:22:37Z,2019-08-18T22:20:20Z
36972,DateTime.parse should work with AEST but its not working ,2019-08-19T02:59:12Z,2019-11-02T00:10:19Z
36977,Memoization issue with `take` resulting in returning wrongly memoized ActiveRecord object on query using find_by/where,2019-08-19T09:32:42Z,2019-08-20T13:17:46Z
36984,Improper PK guard in `through` reflections,2019-08-19T18:59:19Z,2019-09-16T16:43:08Z
36987,Regression in autoloading from 6.0.0.rc2 to 6.0.0 ('const_defined?': wrong constant name),2019-08-19T20:46:31Z,2019-08-19T21:03:44Z
36989,Testing Turbolinks XHR redirects not working in Rails 6.0.0,2019-08-20T01:34:10Z,2019-10-28T12:49:11Z
36990,belongs_to with scope cause racord save fails ,2019-08-20T09:52:22Z,2019-11-25T10:37:22Z
36991,Can't resolve @rails/ujs,2019-08-20T11:26:45Z,2019-08-20T15:59:10Z
36993,Fragment content type issues in Rails 6.0,2019-08-20T12:15:44Z,2019-08-20T18:26:12Z
36994,ActiveStorage::FileNotFoundError in before_save,2019-08-20T15:52:50Z,2019-08-20T16:25:42Z
36995,#radio_button in conjunction with #form_with(model: model) doesn't generate ids in Rails 5.1,2019-08-20T15:54:02Z,2019-08-21T10:45:38Z
37004,`Segmentation fault at` after upgrading to Rails 6.0.0,2019-08-21T09:37:04Z,2019-08-27T18:57:49Z
37007,`allow_nil` and `allow_blank` do not work correctly with defaulted attribute accessors,2019-08-21T19:00:33Z,2020-01-08T13:10:26Z
37011,Not a directory error on Linux in development (eager_loading issue),2019-08-22T12:04:16Z,2019-09-02T22:57:41Z
37012,Comparison of ActiveSupport::Duration objects raises unexpected error,2019-08-22T13:34:41Z,2019-08-27T16:38:26Z
37019,String#titleize doesn't work properly with parentheses,2019-08-22T19:52:42Z,2019-08-24T01:22:57Z
37020,ActiveJob::TestHelpers#serialize_args_for_assertion Missing in Rails 5.2.2,2019-08-22T22:09:03Z,2019-08-31T23:48:21Z
37021,Rails 6.0.0 chooses variants differently from 5.2 when variants are using different template engines,2019-08-22T22:26:57Z,2019-11-27T23:30:24Z
37024,[Documentation] no migration notice on legacy npm repository,2019-08-23T15:16:22Z,2020-02-27T05:12:01Z
37027,Error in model an table name?,2019-08-23T19:53:31Z,2019-08-23T23:52:32Z
37030,return_false_on_aborted_enqueue setting not working,2019-08-23T22:22:43Z,2019-08-23T23:01:31Z
37031,Rails 6 migrations: `t.timestamps` adds `precision: 6`,2019-08-24T03:48:41Z,2020-01-26T21:12:23Z
37034,ActiveRecord support for SQLite3 JSON1 extension json type,2019-08-24T22:06:18Z,2019-08-25T02:23:17Z
37035,Rails enums creating an issue with postgres,2019-08-25T01:05:29Z,2019-08-25T04:02:19Z
37036,Rails 6. SyntaxError: missing ) in parenthetical (UJS),2019-08-25T13:44:24Z,2019-08-25T14:48:11Z
37039,Session cookie read should not cause the session cookie to be output,2019-08-25T16:26:42Z,2020-03-11T11:37:05Z
37044,Rails assumes there is an :en locale for HasManyThroughSourceAssociationNotFoundError,2019-08-26T15:06:23Z,2019-08-28T12:43:56Z
37046,Lack of documentation on lifespan of classes,2019-08-26T16:27:53Z,2019-08-27T12:47:44Z
37048,"6.0 Regression: can't start 2 apps from the same config anymore, undefined method delete for nil",2019-08-26T21:42:58Z,2020-04-28T00:32:57Z
37049,LoadError for cannot load such file -- io/console/size when creating a new rails app,2019-08-26T22:40:52Z,2019-08-27T00:25:48Z
37058,Maintenance guide is out of date (should be replaced by edge guide),2019-08-28T08:54:38Z,2019-08-28T09:44:36Z
37062,test fails due to add_foreign_key,2019-08-28T14:58:56Z,2019-10-21T13:25:05Z
37063,"SELECT method call with ""distinct on"" returns a nil element in the AR Relation",2019-08-28T15:24:46Z,2019-08-28T20:53:43Z
37064,Allow no-monkeypatching extension of schema.rb builder,2019-08-28T16:17:36Z,2019-08-28T20:06:35Z
37066,Puma raises WARNING: Detected 1 Thread(s) started in app boot with preload_app and workers,2019-08-28T18:01:15Z,2019-12-31T19:35:22Z
37068,"How to fix ""Sending mail with DeliveryJob and Parameterized::DeliveryJob is deprecated"" deprecation?",2019-08-28T20:33:53Z,2019-08-28T21:20:21Z
37072,ActionText Missing partial error when using prepend_view_path,2019-08-29T02:24:57Z,2020-02-15T01:32:37Z
37074,Add` presence: true` option to Model by default.,2019-08-29T06:27:51Z,2019-08-29T13:12:02Z
37076,Changing collate and charset in a mysql table column  is not updating in schema.rb,2019-08-29T07:30:08Z,2019-08-29T07:45:52Z
37080,ActiveSupport::Duration arithmetic leads to unexpected .parts values,2019-08-29T16:35:40Z,2019-12-05T14:41:24Z
37081,New ActiveModel::Error raises FrozenError without deprecation on 6.1,2019-08-29T17:39:58Z,2019-12-17T22:39:29Z
37082,Bug after forgetting to rollback before `rails d`,2019-08-29T18:01:15Z,2019-08-31T23:05:21Z
37084,ActiveJob: changing `queue_name_prefix` in one Job affects all other jobs.,2019-08-29T21:59:16Z,2019-09-13T22:02:16Z
37086,Feature Request: Picture Tag,2019-08-29T22:20:11Z,2019-08-30T18:54:40Z
37087,Feature request:  generate a credentials.yml.example template file after credentials:edit,2019-08-30T02:29:12Z,2019-08-30T02:38:57Z
37089,Rails Action Text for existing text field,2019-08-30T10:35:16Z,2019-09-05T07:57:14Z
37090,ActiveRecord::Relation.`scoping` no longer inherit the scope while association resolving,2019-08-30T10:36:10Z,2019-09-26T01:38:03Z
37097,[Rails 6] Pry and irb completion breaks on a minimal example with a rails-originated (spurious?) deprecation,2019-09-01T11:45:30Z,2019-10-07T01:03:35Z
37098,Link in HTTP and not in HTTPS,2019-09-01T14:58:09Z,2019-09-02T22:40:38Z
37099,active_support/message_encryptor.rb:169:in `key=': key must be 16 bytes (ArgumentError),2019-09-01T17:28:39Z,2019-09-05T16:27:59Z
37107,View templates cannot be found if the path to the project includes parentheses,2019-09-02T19:09:16Z,2019-09-11T00:36:23Z
37108,AzureStorage adapter for ActiveStorage throwing errors on save,2019-09-03T00:42:36Z,2019-12-09T01:50:34Z
37110,Can't assign direct-upload attachments to already existing records,2019-09-03T08:00:41Z,2019-09-03T11:11:07Z
37116,Target of has_one queried unnecessarily by autosave if association has been reset,2019-09-03T15:39:14Z,2019-12-09T17:06:54Z
37124,Active Storage video preview fails to process correctly in active job,2019-09-04T03:15:24Z,2019-12-11T06:23:59Z
37126,Is it possible for me to extend the model by adding an image using Active Storage 6.0.0?,2019-09-04T10:20:43Z,2019-10-31T07:55:43Z
37128,ActiveStorage fails silently when used on a model with a non_integer id,2019-09-04T12:52:11Z,2019-12-10T14:23:58Z
37129,Marshal.dump an AR got an error in some scope,2019-09-04T13:18:03Z,2019-09-04T22:26:13Z
37130,--skip-webpack-install doesn't skip webpack install,2019-09-04T13:31:07Z,2019-09-04T14:52:56Z
37132,Wrong versions for yarn preventing rails from starting when creating a fresh 6.0 app,2019-09-04T17:02:42Z,2019-09-04T17:50:05Z
37133,Rails 6.0 switches order of joined queries when combining includes and joins (causing errors),2019-09-04T20:08:41Z,2019-09-18T09:30:42Z
37138,AR: new instance of unscoped association ignores unscope,2019-09-05T13:20:50Z,2019-10-19T17:16:55Z
37140,"Using `select(""DISTINCT ON (something) *"").update_all` updates all records, not just distinct ones",2019-09-05T20:13:41Z,2020-04-13T23:58:33Z
37142,ActiveRecord::Persistence#upsert_all does not clear query cache.,2019-09-06T02:35:46Z,2019-09-09T04:19:54Z
37145,Rails migration guide does not mention the removal of render :text,2019-09-06T06:22:43Z,2019-09-16T17:35:53Z
37147,Avoid unnecessary identification of content type for direct uploads,2019-09-06T19:31:51Z,2019-12-13T01:09:32Z
37148,DOCXAnalyzer NameError. Is referenced in guides.,2019-09-07T01:32:24Z,2019-09-07T13:30:01Z
37149,"On PostgreSQL database, where(field: nil) doesn't find NULL.",2019-09-07T01:47:02Z,2019-09-07T01:58:37Z
37150,Rails 5.2+ enum field validation failed: is not a number,2019-09-07T06:28:05Z,2019-09-09T16:29:37Z
37151,accepts_nested_attributes_for not support `belongs_to`,2019-09-07T12:19:48Z,2019-09-20T17:14:27Z
37152,Rollback in after_commit resets id to nil,2019-09-07T15:14:44Z,2019-09-20T07:52:59Z
37156,Refresh double request ,2019-09-09T06:44:48Z,2019-09-11T23:56:46Z
37158,ActiveRecord::Base.connected_to(database: :replica) { } causes connections to replica outside of block,2019-09-09T20:29:59Z,2019-09-09T23:13:16Z
37160,Rails Guide for ActiveStorage test file cleanup seems incompatible with parallel testing,2019-09-09T21:16:11Z,2020-01-12T07:45:40Z
37163,String inflection method  underscore giving wrong output,2019-09-10T04:53:41Z,2019-09-11T23:52:38Z
37167,Joins added by association scope callable appear to be ignored in rails 6,2019-09-10T18:46:05Z,2019-10-04T06:46:40Z
37172,Rails 6 / Ruby 2.6.4 - ActiveSupport's `#include?` extensions break with endless ranges,2019-09-11T23:37:29Z,2019-09-11T23:47:38Z
37177,"Rails 6 / Ruby 2.6.4 - ActiveSupport's `#include?`, `#cover?`, `===` extensions break if invoked on endless ranges with a range parameter",2019-09-12T04:40:01Z,2019-09-20T21:59:39Z
37181,The gems of the files executed in a shell by Rails have to be in Gemfile,2019-09-12T14:58:08Z,2019-09-12T15:49:20Z
37186,Rails 6 initializer autoloads separate instance of a class,2019-09-12T21:06:53Z,2019-12-19T18:28:11Z
37192,Validations failing to fire on non-dirty belongs_to associations when a custom context is used,2019-09-13T15:16:58Z,2019-10-04T14:58:34Z
37193,including namespaced concern makes controller method definitions obsolete ,2019-09-13T15:28:14Z,2019-09-14T04:26:11Z
37194,Performance Issue on `ActiveRecord::Associations::SingularAssociation#build`,2019-09-13T15:35:57Z,2019-12-20T08:28:12Z
37196,Memory leak after upgrade Rails 5.2 to 6.0.0,2019-09-13T17:55:11Z,2019-09-13T18:32:28Z
37198,Zeitwerk handles constructor functions oddly,2019-09-13T20:51:14Z,2019-09-13T21:26:08Z
37202,Unable to compile assets when Rails.credentials are used during app load,2019-09-14T19:57:36Z,2019-12-20T20:48:59Z
37205,Redis cache store should raise an error if it cannot connect to Redis,2019-09-15T21:01:21Z,2019-09-22T23:19:11Z
37207,[Parallel Testing] byebug crashing on new Rails project,2019-09-16T00:09:54Z,2020-03-02T19:53:17Z
37208,Attributes of a frozen model are still mutable,2019-09-16T06:21:01Z,2019-10-07T01:00:27Z
37209,TagBuilder has surprising behaviour ,2019-09-16T12:16:41Z,2019-09-16T21:57:59Z
37211,Why does ActiveRecord::Base#inspect rely on class.attribute_names and not self.attribute_names?,2019-09-16T12:43:35Z,2019-12-22T14:02:18Z
37213,Survey on Pull Request Prioritization,2019-09-16T14:04:40Z,2019-09-16T14:14:08Z
37219,upgrading_ruby_on_rails.md has a typo,2019-09-17T05:51:01Z,2019-09-17T06:22:35Z
37220,Resume file upload when Internet connection is back,2019-09-17T07:02:24Z,2019-09-17T15:24:23Z
37222,Eager load issue after upgrading to Rails 6,2019-09-17T11:01:09Z,2019-09-22T22:53:03Z
37224,Bundle Update Fails for Rails 6.1 if Ruby >= 2.6,2019-09-17T14:57:10Z,2020-03-09T21:48:41Z
37225,[No error when migration missing up/change] <s>Migration running twice</s>,2019-09-17T16:31:29Z,2020-01-14T17:07:11Z
37232,Rails Active Storage keeps crashing but how to debug?,2019-09-18T05:17:28Z,2019-09-22T22:40:54Z
37233,Cannot attach a PDF while keeping HTML body,2019-09-18T06:37:31Z,2020-01-07T09:27:01Z
37234,IE does not support 'closest' ,2019-09-18T06:46:47Z,2019-09-29T13:08:37Z
37236,"Wrong singularisation rule for ""reserves""",2019-09-18T09:30:20Z,2019-09-19T20:00:15Z
37237,form_for ignoring namespace while generating form URL,2019-09-18T09:58:19Z,2019-09-20T11:52:17Z
37238,Feature Request to support parsing msgpack parameters natively,2019-09-18T10:48:39Z,2019-09-22T22:31:00Z
37239,"Unexpected behavior from CollectionProxy when target is ""partially loaded""",2019-09-18T13:34:18Z,2019-09-20T00:04:42Z
37241,#37199 triggers Active Record isolation test failures,2019-09-18T15:06:19Z,2019-09-19T19:12:47Z
37244,CalculationsTest#test_group_by_attribute_with_custom_type fails ,2019-09-19T14:38:02Z,2019-09-19T23:10:09Z
37245,1 failure / 6 errors due to ActiveRecord::RecordNotFound: Couldn't find Book with 'id'=1,2019-09-19T15:02:49Z,2019-09-19T23:10:09Z
37247,cannot rollback migration that removes index with long name (not high priority),2019-09-19T16:56:36Z,2019-09-19T18:35:59Z
37249,ActionText questions regarding n+1 queries,2019-09-19T18:04:09Z,2019-09-21T02:05:14Z
37254,"audio_path does not fall under asset pipeline, but this is deprecated",2019-09-20T18:35:41Z,2019-12-26T20:23:52Z
37255,Issues with take_failed_screenshot after PR 36047,2019-09-20T18:44:35Z,2019-09-26T12:19:16Z
37256,ActiveRecord valid? should includes ActiveModel validation for integer type column,2019-09-20T19:04:26Z,2019-09-27T13:55:25Z
37264,"ActiveStorage / ActionView - ""Missing host to link to"" without default routes in production",2019-09-21T17:00:27Z,2019-12-27T19:42:26Z
37269,Replace `listen` gem with `fswatch-rb`  ,2019-09-22T21:45:51Z,2019-12-06T00:55:10Z
37270,Rails 6 inconsistently overrides ActiveJob queue_adapter setting with TestAdapter,2019-09-23T05:29:13Z,2020-03-26T12:43:13Z
37271,[ActionText] Custom attribute or custom WYSIWYG,2019-09-23T08:44:36Z,2020-01-10T00:35:05Z
37272,Invalid method name assert_broadcasts_on in ActionCable test_case docs,2019-09-23T11:50:50Z,2019-09-23T13:37:38Z
37273,Halt callback execution raises exception in relational callbacks,2019-09-23T13:09:06Z,2019-11-09T21:45:26Z
37283,Bigint column validates as integer 4 bytes,2019-09-24T05:15:31Z,2019-09-27T13:48:12Z
37284,Rendered view logging removes part of path in engines,2019-09-24T06:47:57Z,2019-12-30T08:43:18Z
37285,zeitwerk:check task reports wrong filename in gems,2019-09-24T07:29:07Z,2019-09-24T08:29:00Z
37286,uninitialized constant ActiveHash (NameError),2019-09-24T07:33:12Z,2019-09-24T08:36:54Z
37304,ActiveStorage file doesn't exist in after_create and after_create_commit method,2019-09-26T09:15:24Z,2019-12-18T13:50:33Z
37305,Blob not found errors if attachable rewritten before analyze job completes,2019-09-26T11:28:19Z,2019-09-28T14:29:31Z
37306,"bug with enum and scoping : ""Class level methods will no longer inherit scoping"" deprecation",2019-09-26T16:07:07Z,2019-09-27T13:17:44Z
37307,Support covering indexes in PostgreSQL,2019-09-26T18:20:50Z,2020-04-26T11:35:32Z
37310,Controller `#stale?` does not work as expected with ActiveRecord::Relations,2019-09-27T12:00:08Z,2020-01-02T13:09:02Z
37315,Allow client code to set the ActiveStorage blob key?,2019-09-27T18:30:14Z,2019-09-30T00:07:40Z
37316,ActiveStorage direct upload to AWS S3 is failing with files >= 6GB in size,2019-09-27T22:00:02Z,2020-01-26T10:12:23Z
37318,ActiveRecord: use association's `unscope` when where clause of default_scope match many values,2019-09-28T15:20:57Z,2020-01-05T22:00:35Z
37320,Deadlock with code reloading via Zeitwerk,2019-09-29T12:28:27Z,2020-04-02T21:50:10Z
37322,"ActionController::RoutingError (No route matches [GET] ""/json"")",2019-09-30T09:52:54Z,2019-09-30T20:52:14Z
37323, uninitialized constant Datagrid::Filters (NameError),2019-09-30T16:48:11Z,2019-09-30T17:09:34Z
37324,ActiveJob: Seems that `retry_on` calls on a base class (a.k.a. ApplicationJob) have no effect?,2019-09-30T17:44:03Z,2019-09-30T18:43:59Z
37331,Config autoload_paths cannot be modified by environment configurations,2019-10-01T05:13:10Z,2019-12-30T09:37:56Z
37333,ActionController::Live introduces a race condition when using caches_action,2019-10-01T14:18:09Z,2020-01-06T14:55:45Z
37336,Database types are not properly registered (eg. `Unknown type :jsonb`),2019-10-01T17:16:59Z,2020-01-06T18:55:46Z
37337,RedisCacheStore Fails Request when Max Number of Client Connection Raised,2019-10-01T17:20:24Z,2019-10-01T17:24:23Z
37345,Inconsistent `render ...` behavior when used with `respond_to`,2019-10-02T15:37:02Z,2019-11-22T19:28:58Z
37352,load_schema invoked twice in development environment,2019-10-03T12:57:53Z,2020-01-08T14:10:25Z
37354,Run system tests from specific file,2019-10-03T14:14:50Z,2019-10-03T16:33:30Z
37355,Rails console enhancements like irb brought by ruby 2.7 ,2019-10-03T17:51:08Z,2019-10-04T00:03:32Z
37356,Corner case where find_in_batches halts early,2019-10-03T19:41:55Z,2019-10-11T06:21:26Z
37362,Serialized attribute (Hash) not updated,2019-10-04T09:43:56Z,2020-01-09T10:22:27Z
37363,[Guides] Overflow text in box containing chapter names,2019-10-04T12:29:02Z,2020-01-02T23:20:46Z
37371,Copying migration from engine causes EmptyLineAfterMagicComment Rubocop violation,2019-10-04T21:32:00Z,2019-10-09T02:59:20Z
37372,Log messages from parallel test workers are interleaved without any way to distinguish which log messages were written by which worker,2019-10-04T22:30:12Z,2020-01-10T04:13:40Z
37374,Complex PG query yields different results under Rails 6,2019-10-04T22:41:59Z,2020-01-26T17:12:23Z
37376,Ordering with includes no longer works in 6.0,2019-10-05T12:03:55Z,2019-12-06T07:33:48Z
37378,SettingFile: An internal feature proposal,2019-10-06T00:51:39Z,2019-10-06T23:40:54Z
37379,Rails 6 Webpacker - require JS files in some controller actions,2019-10-06T03:37:33Z,2020-01-11T04:09:13Z
37380,Action Mailbox: PDF attachments are corrupt from apple mail client,2019-10-06T08:13:53Z,2019-10-07T20:48:09Z
37383,ActionDispatch::Request remote_ip setter doesn't clear memoization,2019-10-06T21:21:53Z,2019-10-06T23:29:27Z
37386,Add support for rendering partials using relative paths,2019-10-06T22:02:52Z,2019-10-06T23:07:18Z
37389,Rails 6: deliver_later doesn't affect ActionMailer::Base.deliveries,2019-10-07T12:37:49Z,2019-10-07T17:30:24Z
37391,Rails 6.1 development.rb undefined method `year' for 1:Integer,2019-10-07T14:54:23Z,2020-04-26T22:20:00Z
37392,Migrations ignore force option,2019-10-07T17:29:57Z,2020-01-12T18:45:41Z
37396,Action Text incorrectly rendering ActionText::Attachable content,2019-10-08T03:17:31Z,2020-01-10T22:24:37Z
37399,Multiple rich text fields - ActionText,2019-10-08T13:09:11Z,2020-01-13T14:44:22Z
37402,[6.0.0] rails new doesn't respect --skip-turbolinks option,2019-10-08T21:52:23Z,2019-10-10T12:28:25Z
37403,NamedBase generators don't respect force option like their documentation indicates.,2019-10-08T23:37:21Z,2020-01-07T00:33:33Z
37405,"rich_text_area_tag causes embedded images to be deleted on *edit*, unlike form.rich_text_area",2019-10-09T03:12:33Z,2020-01-15T22:57:13Z
37406,Inflector acronym with hyphen not working,2019-10-09T08:40:33Z,2020-01-14T10:07:11Z
37407,Should not re-migrate everytime specs are run,2019-10-09T14:13:43Z,2020-01-14T15:07:11Z
37410,"Can't run RSpec system specs without Chrome installed, even specifying Rack::Test explicitly",2019-10-09T19:31:13Z,2019-11-20T22:50:00Z
37411,activestorage blob isn't created with ArgumentError when initialized by nested attributes,2019-10-09T20:26:26Z,2020-02-13T19:30:00Z
37415,AS::Instrumentation timestack empty on Rails 5.2.3,2019-10-09T23:54:53Z,2020-01-15T00:30:58Z
37416,106 MByte nodes_modules,2019-10-09T23:56:34Z,2020-01-08T18:17:56Z
37420,rails new silently ignores bogus arguments,2019-10-10T06:06:12Z,2019-10-11T04:22:21Z
37422,ActiveSupport::SafeBuffer gsub! with_index not working in 6.0,2019-10-10T11:48:41Z,2019-10-17T17:41:32Z
37425,DateTime#advance() expats `integer` params,2019-10-10T15:08:58Z,2020-02-27T19:12:03Z
37426,`Model.upsert_all` not playing nicely with partitioned tables,2019-10-10T15:25:42Z,2020-04-26T19:09:20Z
37427,Confused about rails credentials,2019-10-10T16:12:38Z,2019-10-10T17:48:41Z
37428,pretty_print breaks when a json field hash key is an integer,2019-10-10T16:22:34Z,2020-02-28T08:54:59Z
37433,Segmentation Fault on gem pg with ruby 2.4.3 and rails 5.0.2,2019-10-11T01:59:29Z,2019-10-11T09:12:21Z
37436,ApplicationController.render doesn't render erb templates,2019-10-11T07:10:07Z,2019-10-11T17:45:09Z
37441,`cpu_time` in `ActiveSupport::Notifications::Instrumenter` using incorrect clock?,2019-10-11T19:44:41Z,2019-11-16T02:14:21Z
37446,ActiveRecord includes method resulting in duplicated objects,2019-10-11T21:08:20Z,2019-10-13T11:28:33Z
37450,"ActiveSupport::Duration#+, -, since and ago should return Time consistently for Date object",2019-10-11T22:36:47Z,2019-12-10T09:08:14Z
37453,App generator fails with webpacker error,2019-10-11T23:13:09Z,2019-11-12T13:41:17Z
37455,Can't pass browser options with `driven_by`,2019-10-12T03:44:00Z,2019-12-06T04:44:25Z
37459,"Rails 6.0.0: image_tag fails with: ""Can't resolve image into URL""",2019-10-13T17:06:56Z,2019-10-17T11:43:20Z
37464,Ruby 2.7 not booting with Rails 6.0 due to load path changes,2019-10-14T05:35:09Z,2019-10-14T06:02:21Z
37466,ActiveStorage variant in s3 expires ,2019-10-14T08:26:17Z,2020-01-19T12:33:54Z
37467,404 when trying to serve public file variants,2019-10-14T15:52:19Z,2019-12-19T16:58:23Z
37472,test:system race condition(?) with webpacker ,2019-10-15T01:50:50Z,2020-01-20T04:12:24Z
37477,ActiveRecord::Base.connection_pool.with_connection is not thread safe,2019-10-15T11:09:27Z,2019-10-17T12:26:54Z
37479,ActiveStorage::Service::DiskService url_for_direct_upload is not configurable,2019-10-15T14:12:23Z,2020-01-20T15:12:25Z
37484,Incorrect strings are plucked when joined tables have enum columns with the same name,2019-10-16T19:53:46Z,2020-01-24T01:26:49Z
37492,"PG::InvalidColumnReference caused by default_scope with order paired with distinct, count and joins",2019-10-17T11:33:01Z,2020-04-21T22:01:56Z
37493,ActiveRecord model with column named 'tap' makes .reload return the value of the attribute instead of the record,2019-10-17T12:47:08Z,2019-10-18T00:50:55Z
37495,has_many with conditions not saving nested associations (rails 6),2019-10-17T15:15:00Z,2019-10-21T09:50:49Z
37506,Firefox can cause an exception to be thrown with http basic authentication,2019-10-18T23:16:29Z,2020-02-12T00:37:48Z
37507,Make assert_changes etc. use minitest's diffing.,2019-10-19T00:24:36Z,2020-02-17T00:32:53Z
37512,uninitialized constant ActionView::Template::SyntaxErrorInTemplate,2019-10-19T20:47:55Z,2019-12-22T07:53:46Z
37513,configuration guide for PostgresQL should also mention 'host' key,2019-10-19T21:54:35Z,2020-01-25T13:39:09Z
37526,Inline ActiveJob clears `CurrentAttributes` erroneously,2019-10-22T03:19:37Z,2019-11-02T00:45:19Z
37527,Upgrade ruby on rails application,2019-10-22T07:52:24Z,2019-10-22T08:09:13Z
37530,Unnessecary file lookup for non-existent view types,2019-10-22T22:10:25Z,2019-11-18T01:49:54Z
37532,Controller name bug?,2019-10-23T06:38:16Z,2019-10-23T06:50:26Z
37533,uninitialized constant Ancestry::InstanceMethods::ActiveRecord (NameError),2019-10-23T08:44:47Z,2019-10-23T09:13:24Z
37537,System tests ignore active_job.queue_adapter settings ,2019-10-23T15:17:45Z,2019-10-23T16:04:09Z
37538,Force isn't working for generators,2019-10-23T16:51:43Z,2020-01-07T00:35:10Z
37541,Wrong image shown in section 5.2 of Getting Started Guide.,2019-10-23T22:53:13Z,2019-10-24T22:09:21Z
37543,Check class collision for scaffold controller generator is broken,2019-10-23T23:41:49Z,2019-11-08T00:23:21Z
37546,Db:migrate fails when when we are modifying both schema & data in an environment with DB replication,2019-10-24T07:50:03Z,2019-10-24T12:51:34Z
37549,Wrap generated/executed Migration Query into a function,2019-10-24T14:41:59Z,2020-01-29T15:48:41Z
37550,"Active Storage in production, set to :amazon key, has bad YAML in storage.yml",2019-10-24T15:59:40Z,2019-10-24T20:41:23Z
37552,6.0.0 / tests failing due to ActionPack .empty? for nil:NilClass,2019-10-24T17:19:41Z,2019-10-28T15:32:44Z
37553,API App: Non API Controllers That Inherit From ActionController::Base Cannot Call http_cache_forever,2019-10-24T17:24:14Z,2020-01-29T17:48:41Z
37554,Cache key with alias attribute,2019-10-24T18:24:42Z,2020-02-25T01:39:18Z
37556,OptimizedFileSystemResolver doesn't sort views considering request format,2019-10-24T20:35:47Z,2020-01-09T20:04:36Z
37559,6.0.0 rake db:drop RAILS_ENV=development ignores the environment,2019-10-25T04:03:58Z,2019-10-25T04:29:31Z
37565,Request for a way to get relevant stacktrace from ActiveSupport::Notifications subscriber,2019-10-25T15:04:54Z,2020-01-30T15:52:33Z
37567,Errno::ENOENT: No such file or directory - osascript,2019-10-25T20:11:19Z,2019-10-27T01:01:30Z
37569,Edge ActiveStorage unnecessarily tries to configure unused service (S3) in test environment,2019-10-25T23:26:07Z,2019-11-08T20:03:43Z
37570,"ActionController::RoutingError (No route matches [GET] ""/sw.js"")",2019-10-26T07:58:45Z,2019-10-27T01:05:04Z
37571,ActiveRecord: support views with id column?,2019-10-26T12:43:05Z,2020-01-31T14:02:31Z
37572,2.7.0-preview2 triggers 'TypeError: no implicit conversion of nil into String',2019-10-26T14:36:06Z,2019-11-08T08:35:15Z
37578,Unexpected behavior when chaining rake tasks in a multi-db setup,2019-10-28T14:09:48Z,2019-11-01T18:06:59Z
37580,AS::Cache::Store fetch + block fails when constants are renamed,2019-10-28T16:51:45Z,2020-02-02T19:41:38Z
37584,Artifact system test screenshot + buildkite doesn't use the right path,2019-10-29T08:14:59Z,2020-02-04T22:40:23Z
37594,Action Text: Rich text field predicate form to check if not blank,2019-10-30T10:50:59Z,2020-02-12T04:37:48Z
37596,le rails,2019-10-30T15:02:04Z,2019-10-30T15:02:10Z
37600,config.hosts in development,2019-10-30T17:40:07Z,2019-10-31T14:45:27Z
37603,Logs don't show the correct information for `action` parameter,2019-10-30T19:23:04Z,2020-02-04T22:40:24Z
37604,ActiveModel::Serializers::JSON#as_json BigDecimal changes,2019-10-30T20:05:16Z,2020-02-04T21:40:23Z
37605,assert_enqueued_emails does not work when sending a parameterized email,2019-10-30T20:29:52Z,2019-10-31T00:54:04Z
37607,Getting Started Bugs,2019-10-30T21:51:04Z,2020-02-05T05:40:23Z
37609,Initial setup of Mandrill for Action Mailbox requires a specific token,2019-10-30T22:25:10Z,2020-04-07T19:08:08Z
37611, Ineffective mark-compacts near heap limit Allocation failed - JavaScript heap out of memory,2019-10-31T09:57:16Z,2019-11-05T00:06:25Z
37613,ActiveStorage::AnalyzeJob fails if blob has been destroyed,2019-10-31T14:24:15Z,2019-10-31T15:06:14Z
37615,ActionCable will always read from the primary database when using multiple databases,2019-10-31T19:34:26Z,2020-02-06T19:18:53Z
37616,There's no way to correctly use the block parameter of around_action,2019-10-31T22:17:39Z,2019-12-05T02:38:34Z
37618,rails 5.2 redis cache store write_multi missing transaction,2019-11-01T07:00:26Z,2019-11-05T02:16:10Z
37620,InvalidMimeType exception on a newly created app,2019-11-01T11:13:46Z,2019-11-03T23:50:44Z
37629,DEPRECATION WARNING: Class level methods will no longer inherit scoping from `get_employee` in Rails 6.1.,2019-11-04T05:36:56Z,2019-11-06T06:45:30Z
37630,"Revisiting the inconsistency in enums: raises ArgumentError when making an assignment with invalid value, but returns wrong results when querying",2019-11-04T12:08:24Z,2020-02-28T23:42:57Z
37631,credentials:edit/show commands ignores custom content_path and key_path,2019-11-04T12:46:18Z,2020-02-24T17:58:23Z
37634,Radio button value sanitizing differs between FormTagHelper#radio_button_tag and FormBuilder#radio_button,2019-11-04T16:38:30Z,2020-02-09T16:59:52Z
37635,Compatibility ActionText w/ Tailwind webpack installation,2019-11-04T16:57:20Z,2019-11-04T17:39:05Z
37637,"rails form_with No route matches {:action=>""show"", :controller=>""questionstatus"", :format=>nil}, missing required keys: [:id]",2019-11-05T03:12:55Z,2019-11-08T08:33:03Z
37641,Parenthesis in directory name prevents rails from finding templates,2019-11-05T19:37:17Z,2019-11-06T18:30:09Z
37649,"Removing association with dependent: :destroy, through nested attributes leaves entity from intermediate table in memory",2019-11-06T12:42:36Z,2020-02-11T14:37:48Z
37650,rescue_from doesn't throw an error when used with a non-existent or misspelled exception class,2019-11-06T13:08:40Z,2019-12-04T17:13:21Z
37653,cookies.delete does not remove cookies for subsequent requests in ActionController::TestCase,2019-11-06T15:19:07Z,2020-02-12T09:30:57Z
37656,Webpack is not installable or usable inside a Rails 6 Engines,2019-11-07T12:31:31Z,2020-02-12T21:30:55Z
37659,Unable to understand ActiveJob/Sidekiq behaviour when redis is down,2019-11-07T17:07:48Z,2020-02-20T00:18:28Z
37663,ActiveStorage: ActionController::UrlGenerationError when `routes_prefix` set to a variable,2019-11-08T12:28:39Z,2020-03-03T11:38:01Z
37668,guides.rubyonrails.org hasn't been republished since the release of Rails 6.0.1,2019-11-09T02:12:06Z,2019-11-09T06:55:13Z
37674,activesupport errors after adding omniauth-google-oauth2 gem,2019-11-10T13:11:44Z,2019-11-10T14:56:15Z
37675,How to permit concurrent loads in Rails 4.2?,2019-11-10T14:32:31Z,2019-11-10T14:50:37Z
37676,ActiveSupport tests hang with Ruby Head,2019-11-10T14:35:27Z,2019-12-24T04:54:39Z
37677,Does `rails test` need improvement?,2019-11-10T17:26:37Z,2020-02-16T14:55:08Z
37680,railties syntax error in test.rb.tt,2019-11-11T00:55:55Z,2019-11-12T16:00:46Z
37688,dispatchEvent submit remote not working on firefox,2019-11-12T04:19:31Z,2020-02-17T04:55:09Z
37692,foreign key constraints should be enabled by default in `add_reference`,2019-11-12T13:43:53Z,2020-02-17T14:20:21Z
37697,Missing require in AS::Deprecation,2019-11-12T23:40:51Z,2019-11-13T01:46:59Z
37701,ActiveStorage changes in nested model not detected during update,2019-11-13T07:42:59Z,2020-04-24T17:16:17Z
37702,Use a proper time class without day/month/year for `:time` columns,2019-11-13T11:38:52Z,2020-02-18T13:20:48Z
37705,redirect route fails with subdomain for ipv6 host,2019-11-13T17:29:50Z,2020-02-19T07:20:48Z
37706,db:schema:dump generates different code between development and test environments,2019-11-13T18:18:13Z,2019-12-23T13:47:46Z
37709,NoMethodError: undefined method `start_with?` for Symbol,2019-11-13T19:56:19Z,2019-11-13T20:12:26Z
37714,ActionText with Rails --api,2019-11-14T01:30:13Z,2019-11-14T08:17:10Z
37715,"""Try it now"" in listing-existing-routes page",2019-11-14T04:53:37Z,2019-11-14T06:24:07Z
37716,Cgha,2019-11-14T07:00:37Z,2019-11-14T07:00:43Z
37717,Rails 6 changes implicit template fallback handling,2019-11-14T07:10:42Z,2020-02-20T00:18:29Z
37718,[ActiveStorage] Direct uploads controller not accepting metadata hash,2019-11-14T12:34:11Z,2020-02-19T14:18:28Z
37720,Rails 6: `Associations::Preloader` not working when given a scope,2019-11-14T18:54:55Z,2020-02-23T02:55:06Z
37722,SQLite3Adapter#copy_table should not include `default` for primary keys,2019-11-14T23:50:42Z,2020-02-20T01:18:28Z
37728,Setting config.log_level results in console not matching log files,2019-11-15T14:39:48Z,2020-02-13T17:36:52Z
37730,After_initialize on STI that references association breaks preloading,2019-11-15T15:57:07Z,2019-11-19T23:50:36Z
37734,QueryCacheTest#test_query_cache_with_multiple_handlers_and_forked_processees fails with sqlite3_mem,2019-11-15T22:59:39Z,2019-11-16T02:58:57Z
37737,ActiveRecord variants using convert end up with wrong content_type,2019-11-17T11:38:46Z,2020-02-22T12:15:43Z
37739,"Need To Rename ""node_modules"" folder",2019-11-17T18:15:56Z,2019-11-19T09:35:29Z
37740,Unknown keyword: has_one_attached with service,2019-11-18T08:26:44Z,2019-11-18T08:44:46Z
37741,"Calling ""order"" crashes when the model isn't represented by a database table",2019-11-18T08:31:17Z,2020-02-23T09:55:06Z
37742,JavaScript guide seems outdated (recommends CoffeeScript),2019-11-18T10:42:35Z,2020-02-21T10:23:15Z
37745,Ignored columns is ignoring virtual columns selected by .from,2019-11-18T18:36:16Z,2020-02-23T19:55:07Z
37748,Multiple databases and migrations using models problem ,2019-11-19T03:25:04Z,2020-01-23T20:08:52Z
37752,raise_on_type_mismatch! in ActiveRecord::Associations::BelongsToAssociation,2019-11-19T13:58:16Z,2019-11-27T17:00:47Z
37754,Rails v6.0.1 error when using engine routes in System Tests,2019-11-19T19:53:21Z,2019-11-21T19:02:55Z
37755,Trouble using has_secure_password validations attribute with STI models,2019-11-19T20:04:51Z,2020-03-05T18:19:57Z
37758,Assigning with a through association and a self-ref polymorphic association leaves a nil foreign key,2019-11-20T10:00:57Z,2020-02-25T10:39:20Z
37759,ActiveSupport::TimeWithZone in conjunction with RSpec broke when upgrading from 5.2.3 to 6.0.0,2019-11-20T12:38:45Z,2019-11-21T11:09:52Z
37762,"Multitenant application and replica connection database name switching with ""USE database_name;""",2019-11-21T05:19:56Z,2019-12-20T16:17:41Z
37765,Test fixtures don't raise ReadonlyError when using replica connection,2019-11-21T13:01:34Z,2020-01-10T16:15:26Z
37766,ActiveStorage - Safari requests the same image multiple times,2019-11-21T14:17:41Z,2020-03-09T10:08:37Z
37767,ActiveStorage should not create sidekiq jobs when there are no analyzers,2019-11-21T15:51:53Z,2020-01-16T19:14:29Z
37769,"ActionCable, after_unsubscribe callback does not redis unsubscribe",2019-11-21T17:35:37Z,2020-02-26T18:48:16Z
37775,Deprecation warning on completion about SourceAnnotationExtractor,2019-11-22T10:55:37Z,2019-11-22T14:45:20Z
37781,Error in rails server  Traceback (most recent call last):         ,2019-11-23T04:02:18Z,2019-11-24T00:01:45Z
37783,WrongScopeError exception with edge rails,2019-11-23T16:13:34Z,2019-12-26T22:05:22Z
37785,Rails 5.2 Multiple Databases Issue in Rails Console,2019-11-23T19:44:27Z,2019-11-24T04:57:42Z
37787,Active Storage direct uploads specify key on pre signed url,2019-11-24T13:50:14Z,2019-11-30T13:59:02Z
37790,ActiveRecord multiparameter attribute assignment bypasses private writer,2019-11-24T20:04:00Z,2020-02-29T20:31:44Z
37800,config_for assumes a hash value as environment config,2019-11-26T07:19:23Z,2019-12-17T01:04:22Z
37802,ActiveRecord Associations(has_one) - Access parent object,2019-11-26T13:14:15Z,2019-11-26T14:02:54Z
37803,StringInquirer for Rails.env is unnecessarily heavy,2019-11-26T15:05:23Z,2019-11-26T20:15:36Z
37805,ActionText not setting public read permission for storage with public: true,2019-11-26T21:25:02Z,2020-03-03T20:38:00Z
37810,ActiveModel::Translation errors out if any ancestors fail #model_name,2019-11-27T02:16:24Z,2020-03-03T02:53:18Z
37813,rspec breaks on Rails head,2019-11-27T13:13:32Z,2019-11-27T19:48:17Z
37815,Field validation fails for objects loaded from fixtures if required field has_rich_text,2019-11-27T14:03:29Z,2019-12-02T10:09:34Z
37816,nil as :collection in partial rendering,2019-11-27T17:06:17Z,2020-03-04T11:33:42Z
37820,URL helpers based on url_for ignore default_locale and default_url_options within tests,2019-11-27T23:19:08Z,2020-03-04T00:38:00Z
37825,How to setup ActionMailer in rails api mode,2019-11-28T09:31:33Z,2019-12-12T14:53:04Z
37828,Rails 6.0.2.rc1: Custom module in environment initializer not autoloaded anymore,2019-11-28T15:33:06Z,2019-12-02T10:24:12Z
37829,Fix docs about etag,2019-11-28T21:47:02Z,2019-12-11T08:12:50Z
37831,"ActionMailbox extends Mail, but extensions aren't used or documented",2019-11-29T02:46:38Z,2019-11-29T04:01:15Z
37832,Generic â€¦Helpers::NumberHelper.number_to_human function,2019-11-29T08:57:00Z,2020-03-06T11:34:34Z
37833,Active Storage can't transform animated gifs,2019-11-29T08:59:13Z,2020-03-05T11:33:40Z
37835,rails 6 lib folder doesn't work,2019-11-29T16:53:05Z,2019-12-02T20:18:59Z
37837,Multiple database method connected_to closes outer transaction,2019-11-29T19:43:20Z,2019-12-11T16:55:30Z
37840,"PG::NotNullViolation: ERROR: null value in column ""created_at""",2019-11-30T09:44:59Z,2019-11-30T21:05:06Z
37843,ActiveStorage should not attempt public access on create / update,2019-11-30T16:39:37Z,2019-12-01T13:10:24Z
37844,Enhance Russian Doll Caching docs,2019-11-30T18:02:44Z,2020-03-06T19:09:09Z
37845,Activestorage GCP fails with cryptic messages and fails with different messages when using runner and console,2019-12-01T22:22:07Z,2020-03-07T23:28:48Z
37846,"number_to_currency, negative zero when precision is 0",2019-12-02T00:19:22Z,2019-12-17T16:55:28Z
37848,Adding BigDecimal hours to DateTime is wrong by 1 second,2019-12-02T06:27:59Z,2019-12-04T12:51:01Z
37851,Zeitwerk::Loader.eager_load_all fails in rake db:seed context,2019-12-02T11:03:38Z,2019-12-03T03:25:09Z
37852,ActionMailbox::RouterRoute - issues with more than one recipient,2019-12-02T12:14:14Z,2020-03-09T06:08:37Z
37855,"New Feature (Coded locally), ActiveSupport - new utility method similar to `except`",2019-12-02T14:35:31Z,2019-12-03T01:07:37Z
37857,Regression in 6.0.2-rc1 for routes with controller names passed as symbols,2019-12-02T19:37:24Z,2019-12-03T13:53:00Z
37858,Migration generator adds `null: false` to add_reference in Rails 6,2019-12-02T20:32:10Z,2019-12-12T15:13:54Z
37861,6.0.2.rc1 regression to Engine routes expressed with symbols,2019-12-03T00:17:28Z,2019-12-03T00:26:26Z
37864," Routing Error No route matches [POST] ""/establishments/15""",2019-12-03T05:44:37Z,2020-01-10T20:14:45Z
37869,Validating autosaved associations (issue lies with the assocation cache),2019-12-03T16:12:19Z,2020-03-09T17:48:24Z
37871,"How to use migration without rails, using activerecord just as ORM?",2019-12-03T18:11:50Z,2019-12-03T18:16:52Z
37880,Not able to db:create. Error You may have encountered a bug in the Ruby interpreter or extension libraries.. ,2019-12-04T11:16:25Z,2019-12-05T02:02:43Z
37887,Getting Started Guide: Error caused by http_basic_authentication_with,2019-12-04T23:15:17Z,2020-03-17T07:42:01Z
37894,hardcoded config.action_mailer.perform_caching = false,2019-12-05T16:55:16Z,2019-12-05T16:55:57Z
37909,Migrations containing an array of int4range don't set column default correctly,2019-12-08T02:02:19Z,2020-03-14T02:35:02Z
37912,"number_to_currency shouldn't use a simple space, use nbsp instead.",2019-12-08T12:09:34Z,2020-03-28T20:02:51Z
37922,Calling #unscope on ActiveRecord::Relation with String containing table_name is ignored,2019-12-10T11:49:00Z,2020-03-16T12:34:41Z
37925,API scaffold generator doesn't reference jbuilder partials correctly when namespaced,2019-12-10T16:51:31Z,2020-01-11T19:13:58Z
37933,"Saving with touch set to false updates parent updated_at field, is this the expected behavior?",2019-12-11T06:28:14Z,2019-12-13T09:09:08Z
37934,Unscope does not work with OR operator and Stringified scopes,2019-12-11T07:35:44Z,2020-03-17T08:42:05Z
37941,Rails 6.0.1 - ActionCable stopped streaming suddenly,2019-12-11T19:53:21Z,2019-12-12T10:45:29Z
37943,removed,2019-12-12T00:07:10Z,2019-12-12T00:08:41Z
37949,Passing custom options to enqueuing callbacks,2019-12-12T22:43:41Z,2019-12-12T23:06:58Z
37952,Trix editor's text alignment and image alignment support [Feature request],2019-12-13T08:56:07Z,2020-02-05T17:59:43Z
37954,Error using named route with parameters after calling Metal controller in integration test,2019-12-13T09:57:23Z,2020-01-07T17:15:28Z
37960,Postgres adapter raises error when using a cursor with a read replica,2019-12-13T16:03:20Z,2019-12-20T13:41:58Z
37964,@rails/* of package.json have not updated in rails new template,2019-12-13T22:32:54Z,2020-03-26T13:43:13Z
37966,zeitwerk:check fails on 6.0.2,2019-12-14T00:01:30Z,2019-12-16T19:19:13Z
37977,Got ActiveRecord::SubclassNotFound after overriding using_single_table_inheritance?,2019-12-15T08:24:54Z,2019-12-26T21:13:37Z
37978,"Last update of Thor break ""rails generate controller"" on 4.2",2019-12-15T15:35:13Z,2019-12-17T15:15:01Z
37980,Rails guides on STI lack section about routing,2019-12-15T20:35:40Z,2020-04-13T15:37:04Z
37981,ActiveStorage overrides files when adding new attachments to has_many_attached column,2019-12-15T21:51:41Z,2019-12-15T23:10:00Z
37982,Strong Parameters + Nested URL resources,2019-12-16T06:56:55Z,2020-01-02T11:11:37Z
37984,"Key (blob_id)=(13) is not present in table ""active_storage_blobs""",2019-12-16T09:48:52Z,2019-12-16T11:33:13Z
37989,UTC offset is backwards for Etc/GMT-* timezones?,2019-12-16T20:21:49Z,2019-12-16T22:24:54Z
37990,ActiveJob retry jitter produces unexpected results when jitter set to 0.0,2019-12-16T20:43:08Z,2019-12-17T18:24:01Z
37992,Confusing protect_from_forgery/before_action behavior can lead to CSRF,2019-12-16T20:53:38Z,2020-03-17T03:02:18Z
37993,Any rails action failing with undefined method 'plain_specs',2019-12-16T20:58:13Z,2019-12-16T21:24:25Z
37996,Activerecord not working,2019-12-17T08:56:48Z,2019-12-18T06:53:13Z
38001,'rails new project' command returns error code 1 even if successful as of 6.0.2,2019-12-17T16:27:34Z,2019-12-26T00:19:29Z
38014,already initialized constant issue,2019-12-18T08:35:27Z,2019-12-18T14:09:51Z
38022,[Direct-upload] uploaded file duplicates when resubmitting,2019-12-18T14:37:14Z,2020-03-24T15:00:31Z
38025,Constants or files randomly not loaded when using multiple puma workers in local development environment,2019-12-18T15:49:12Z,2020-01-21T14:06:35Z
38027,Action Text pdf previews are missing in trix editor,2019-12-18T18:00:09Z,2020-04-02T18:50:10Z
38030,        undefined method `public_id' for nil:NilClass after update to 6.0.2.1,2019-12-19T04:24:06Z,2020-04-02T21:50:09Z
38031,Add support for xid(guid) in config.log_tags,2019-12-19T04:27:57Z,2019-12-19T15:19:50Z
38032,Cannot set property 'isOutOfGrid' of undefined,2019-12-19T08:41:43Z,2019-12-19T16:14:38Z
38035,`rails new` silently fails without git,2019-12-19T12:49:26Z,2019-12-29T14:01:29Z
38039,ActiveRecord::StatementInvalid: can't cast Rack::Session::SessionId,2019-12-19T17:04:48Z,2020-01-08T14:04:58Z
38040,ActiveJob perform_now no longer returns result of perform,2019-12-19T17:15:53Z,2020-01-03T16:35:23Z
38043,5.2.4.1 regression: required js.erb files rendered in random order in development,2019-12-19T22:24:57Z,2019-12-20T00:19:08Z
38044,Unexpected frozen string literal produced by Array helpers.,2019-12-20T00:36:29Z,2019-12-29T14:08:12Z
38047,Getting Error:  Cannot set property '_grid' of undefined,2019-12-20T08:03:05Z,2019-12-20T13:44:57Z
38052,Inconsistent results with #or in ActiveRecord::Relation after merged scope,2019-12-20T12:17:38Z,2020-01-04T12:31:58Z
38056,"non-ascii chars in erb scriptlets causes ""We're sorry, but something went wrong."" in development mode and no error/warning is logged",2019-12-20T19:20:52Z,2019-12-22T07:56:30Z
38060,Errors in controller class definitions are not surfaced,2019-12-21T07:16:23Z,2019-12-21T18:45:41Z
38066,ActiveRecord::StatementInvalid: SQLite3::SQLException: incomplete input,2019-12-22T01:44:21Z,2020-04-27T08:53:54Z
38071,Calling escape_javascript is slow,2019-12-22T19:47:51Z,2019-12-22T20:35:18Z
38074,Rails 6.0.2.1 server fails to start with ruby 2.7.0-rc2,2019-12-23T04:04:32Z,2019-12-26T20:48:24Z
38075,ActiveRecord::NotNullViolation raised when update boolean field using enum,2019-12-23T08:44:39Z,2019-12-27T15:40:08Z
38078,cache_key for AR relations is broken for usage in ConditionalGet API,2019-12-23T12:24:46Z,2020-01-03T02:33:46Z
38087,"Can't use ""is null"" within .order()",2019-12-24T17:38:34Z,2019-12-25T14:08:29Z
38089,"having a class named ""Transaction""",2019-12-24T20:33:55Z,2020-01-07T14:23:41Z
38094,StarStarMimeControllerTest#test_javascript_with_no_format_only_star_star sometime fails,2019-12-25T15:40:57Z,2019-12-31T11:54:04Z
38096,Issue when upload file and images to amazon s3 by active storage,2019-12-26T08:32:09Z,2020-01-09T21:05:49Z
38100,'rails new project' command returns error code 1 even if successful as of 6.0.2,2019-12-26T19:55:52Z,2019-12-26T20:20:20Z
38104,Regression with parallel tests connected to SQLite in Rails 6.1?,2019-12-27T12:04:42Z,2020-01-04T00:03:45Z
38107,Fix deprecation in the Active Job test suite,2019-12-27T18:10:49Z,2019-12-29T19:30:57Z
38110,$ rails new command fails with ruby 2.6.5p114 and rails 6.0.2.1,2019-12-27T22:10:51Z,2019-12-28T14:54:49Z
38112,LoadError: cannot load such file -- 2.5/ffi_c,2019-12-28T15:16:13Z,2019-12-28T16:00:48Z
38120,"If a callback is listed before an association and updates the parent, then parent_id is not assigned on children when parent is created",2019-12-30T04:15:32Z,2020-01-06T21:56:43Z
38121,Tests do not run in new Rails app,2019-12-30T21:48:46Z,2020-01-02T22:28:53Z
38122,Why can't Rails see RAILS_MASTER_KEY?,2019-12-30T23:39:38Z,2019-12-31T00:44:58Z
38123,Active Storage direct upload to disk fails when faced with blank content type due to unknown file type (specifically with .xls files in Chrome).,2019-12-30T23:47:49Z,2020-01-07T18:44:09Z
38125,ThreadError in application (deadlock; recursive locking) after upgrading to Ruby version 2.7.0,2019-12-31T04:01:14Z,2019-12-31T04:27:36Z
38129,Cannot Directly Create Not-Null Columns in Existing SQLite3 Table,2019-12-31T20:12:34Z,2020-01-04T16:19:30Z
38134,dalli required for testing activesupport,2020-01-01T15:45:09Z,2020-01-02T22:40:21Z
38137,Actionpack incorrect ruby dependency,2020-01-02T06:57:24Z,2020-01-02T07:16:15Z
38138,Error installing Rails 6 with MYSQL,2020-01-02T06:58:52Z,2020-01-02T19:14:05Z
38143,[Request] Out of box notification solution,2020-01-02T20:22:18Z,2020-01-02T22:32:18Z
38149,Getting AbstractController::ActionNotFound instead of NameError when controller module is not defined,2020-01-03T13:43:09Z,2020-01-04T21:28:17Z
38154,Backport sqlite3 version pin to 4.x and 5.x,2020-01-04T12:35:38Z,2020-01-04T14:15:34Z
38156,Generating a new Mailer yields a zeitwerk warning,2020-01-04T17:31:41Z,2020-04-29T09:08:18Z
38158,"ActiveRecord::ConnectionAdapters::TableDefinition#column ""short-hand"" definitions missing",2020-01-05T23:15:14Z,2020-01-05T23:31:21Z
38161,ActiveStorage custom storage path configuration per Model attribute,2020-01-06T09:34:32Z,2020-01-06T14:42:33Z
38164,All tables are truncated when using tests in parallel.,2020-01-06T15:35:14Z,2020-04-12T23:37:06Z
38165,Postgres connection adaptor disable_referential_integrity should account for table ownership,2020-01-06T17:35:13Z,2020-04-14T15:58:34Z
38168,Error on schema:load in rails 6,2020-01-06T21:19:06Z,2020-01-07T00:11:03Z
38175,Route helpers don't work for resources :apps,2020-01-07T18:54:23Z,2020-01-07T19:11:09Z
38176,Cannot rollback migration that adds index using sql fragment,2020-01-07T19:48:56Z,2020-01-08T15:28:38Z
38178,NoMethodError on ActiveSupport::Cache::RedisCacheStore#clear,2020-01-07T21:11:57Z,2020-01-13T16:56:02Z
38180,ActionMailer - enable Email logging,2020-01-07T22:18:20Z,2020-01-07T22:34:05Z
38182,Jenkins fails to install ruby-runtime plugin,2020-01-08T04:37:01Z,2020-01-08T13:41:21Z
38185,ActiveStorage: `IOError: closed stream` when multiple files are attached within a transaction,2020-01-08T09:28:01Z,2020-01-10T11:33:48Z
38187,ActiveJob#perform_now raises TypeError given single hash argument with string keys,2020-01-08T14:45:15Z,2020-01-08T15:01:25Z
38191,Please make it clear whether Rails.ajax is for internal use only,2020-01-09T00:03:20Z,2020-04-22T19:08:02Z
38192,ActiveRecord::Persistence#increment! used to be recorded in ActiveModel::Dirty#previous_changes,2020-01-09T00:23:58Z,2020-01-10T23:36:16Z
38196,Debug page in development w/ ActiveStorage disabled,2020-01-09T10:46:29Z,2020-01-16T21:54:18Z
38201,Rails migration can't run correctly my SQL function,2020-01-09T17:41:13Z,2020-01-10T17:47:28Z
38202,Warning: Using the last argument as keyword parameters is deprecated,2020-01-09T20:29:25Z,2020-01-10T20:13:28Z
38209,Numericality validation regression,2020-01-10T15:45:16Z,2020-01-10T18:02:13Z
38213,log_error fails when exception.annotated_source_code is nil,2020-01-10T20:25:24Z,2020-01-10T20:43:19Z
38214,ActiveStorage broken with rack 2.1.0,2020-01-10T20:28:56Z,2020-01-10T21:22:14Z
38219,Calling build_association twice with touch: true triggers a touch,2020-01-11T22:27:43Z,2020-04-14T16:58:46Z
38221,Inconsistent test failures.,2020-01-13T02:51:30Z,2020-01-13T22:51:44Z
38222,"Missing app/assets/images directory causes ""We're sorry, but something went wrong""",2020-01-13T04:39:39Z,2020-01-27T02:20:17Z
38223,"Security concern, Mime::Type::InvalidMimeType, scanning for etc/passwd",2020-01-13T08:47:05Z,2020-01-13T17:58:08Z
38224,Rails 6 upgrade after get JSON::ParserError Mime::Type::InvalidMimeType,2020-01-13T08:47:18Z,2020-01-13T13:21:55Z
38225,ActiveSupport::TimeWithZone#advance raises error when invoked with ActiveSupport::Duration#parts. Regression in 5.1.x and 5.2.x,2020-01-13T13:02:47Z,2020-04-19T22:17:44Z
38226,Active Record unit tests fail with MySQL 8.0.19,2020-01-13T14:59:02Z,2020-01-15T12:40:41Z
38228,How to create fake request with controller object?,2020-01-13T20:01:22Z,2020-01-13T20:37:24Z
38233,puts from EM within a thread seem to be missing linefeed when run in ruby 2.7.0 console,2020-01-14T12:25:22Z,2020-01-14T14:22:41Z
38234,Rails 6 : config.require_master_key=true doesn't raise an error if key does not exist,2020-01-14T15:49:12Z,2020-04-28T00:02:40Z
38239,Association's predicate builder is not used in where clause,2020-01-15T09:47:43Z,2020-02-13T02:47:54Z
38241,No migration path for calling `.all` in an `after_create` callback,2020-01-15T18:49:37Z,2020-01-27T20:53:14Z
38244,Unable to use ActionCable on GCP Memorystore,2020-01-16T09:44:57Z,2020-01-16T12:46:08Z
38245,Deprecation errors with Ruby 2.7.0 and rails 6.0.2.1,2020-01-16T17:10:06Z,2020-01-16T17:50:44Z
38248,Using .scoping from a descendant class doesn't apply the STI constraint,2020-01-16T20:55:50Z,2020-04-22T21:08:04Z
38251,Has many :through association is cached improperly,2020-01-16T22:00:33Z,2020-04-23T19:08:04Z
38253,action_on_unpermitted_parameters = :raise not working,2020-01-17T17:57:49Z,2020-02-04T19:45:20Z
38255,inflect.acronym with `plugin new {name}` command,2020-01-17T19:43:53Z,2020-01-17T20:42:33Z
38257,Rails 6 regression: after_commit called for only the first of a series of related STI objects,2020-01-17T21:14:07Z,2020-04-20T20:26:44Z
38264,Recommended way to change autoload paths,2020-01-20T14:59:55Z,2020-01-20T16:39:59Z
38265,Rails silently fails save or update of new field after migration in production,2020-01-20T16:41:52Z,2020-04-27T12:53:19Z
38270,In The Upgrade of Rails 3.2 to 5,2020-01-21T12:01:25Z,2020-02-02T13:04:45Z
38271,In The Upgrade of Rails 3.2 to 5,2020-01-21T12:01:26Z,2020-01-21T12:12:45Z
38279,"Rails 6 - ""no _dump_data is defined""  - Running test suite wipes test database's views and functions",2020-01-22T04:23:23Z,2020-01-23T18:43:17Z
38280,Ruby 2.6.5 / Rails 5.2.4.1 - BigDecimal deprecation warning,2020-01-22T06:18:28Z,2020-01-22T06:29:02Z
38281,Parallel testing - crashes when running,2020-01-22T06:32:29Z,2020-01-22T13:20:46Z
38282,"When constructed from a date, ActiveSupport's DateAndTime::Calculations#all_* ranges exclude time values that should match.",2020-01-22T09:34:28Z,2020-04-29T01:32:47Z
38286,"Bug with domains like ""example.com.br""",2020-01-22T17:55:34Z,2020-01-22T18:51:23Z
38287,Reasons why save(validate: false) would be ignored in 5.0.2 but not 4.2.11.1?,2020-01-22T19:31:12Z,2020-01-23T16:56:45Z
38289,Ignored inflections in classify,2020-01-22T23:42:16Z,2020-01-23T23:10:25Z
38293,(Object doesn't support #inspect) for singleton_class of model instance,2020-01-23T16:22:19Z,2020-04-29T17:32:47Z
38301,String#sql_safe flag (equivalent to html_safe),2020-01-24T00:38:50Z,2020-02-03T17:43:59Z
38302,"ActiveRecord::StatementInvalid: PG::UndefinedTable: ERROR:  relation ""view_people"" does not exist",2020-01-24T14:41:30Z,2020-01-25T01:13:42Z
38303,Bogus deprecation warning on `find_or_create_by`,2020-01-24T15:01:05Z,2020-01-27T22:10:53Z
38306,Action Mailbox `service_name` is null on Heroku with Amazon S3,2020-01-24T21:59:26Z,2020-01-24T23:26:15Z
38307,"Description of sprockets use in the ""asset pipeline"" guide is out of date",2020-01-25T10:41:19Z,2020-03-21T10:27:35Z
38309,Rails 6 - RangeError not raised while interacting with ActiveRecord,2020-01-25T13:11:56Z,2020-01-27T20:48:47Z
38312,On accessing the parent record before creation with has_many_inversing adds two records to association,2020-01-25T19:05:03Z,2020-02-20T20:56:15Z
38313,On has_many_inversing object_id has different values after create,2020-01-25T19:11:53Z,2020-02-20T19:01:27Z
38315,NoMethodError: undefined method `connection_db_config' on 6-0-stable,2020-01-25T21:46:08Z,2020-01-27T14:08:57Z
38321,Uninitialized ActiveStorage CreateTables,2020-01-27T07:23:12Z,2020-01-27T14:08:33Z
38322,Yarn installation requirement missing in Getting Started guide,2020-01-27T14:30:25Z,2020-02-20T11:40:11Z
38332,where clause inside 'connected_to' block is not fetching data from replica database,2020-01-28T08:43:47Z,2020-01-28T19:40:58Z
38335,Raising error while migrating logs it twice in console,2020-01-28T13:00:10Z,2020-01-28T15:29:07Z
38336,undefined method `get_schema_cache' for nil:NilClass,2020-01-28T13:20:13Z,2020-01-29T07:12:44Z
38337,Table names that contain regular expression characters cause `select` and `pluck` to fail,2020-01-28T16:02:20Z,2020-01-28T18:26:59Z
38343,cannot require file in lib folder,2020-01-29T03:55:37Z,2020-01-29T13:27:00Z
38344,Flash doesn't disappear when redirected,2020-01-29T07:51:30Z,2020-01-30T06:20:07Z
38351,Scopes are not the same if you use class method vs calling method outside. ,2020-01-30T08:14:51Z,2020-01-31T20:08:46Z
38353,Rails New 6.0.2.1 rails_ujs is not working out of the box,2020-01-30T15:47:31Z,2020-02-02T13:52:05Z
38358,"""rails new"" not initializing full app structure",2020-01-31T07:06:56Z,2020-01-31T16:51:15Z
38360,"Querying for `.not(attribute: [nil, """"])` on DATETIME always brings back no results in Rails > 5.2",2020-01-31T16:40:07Z,2020-02-20T21:21:22Z
38361,Rails 6: errors when trying to assign many_to_many association. involves foreign keys. ,2020-01-31T18:01:00Z,2020-01-31T19:13:42Z
38364,ActionController: Restful downloads feature produces HTML rather than expected content,2020-02-01T00:08:01Z,2020-02-03T14:39:04Z
38365,Admin namespace stops being autovivified after some reloads,2020-02-01T07:42:38Z,2020-02-04T07:41:13Z
38368,Rails error with 500 error page in development with duplicate data attributes,2020-02-01T18:46:53Z,2020-02-01T19:14:02Z
38369,ActiveSupport::CurrentAttributes with name attribute causes stack level too deep error,2020-02-01T21:09:41Z,2020-02-02T13:25:34Z
38370,network,2020-02-01T22:26:11Z,2020-02-01T22:26:19Z
38371,Add ActionCable::Channel.stream_or_reject_for,2020-02-02T01:44:32Z,2020-03-07T18:09:09Z
38373,Enum scope combined with sum/pluck maybe more get unscoped.,2020-02-02T13:41:27Z,2020-02-02T21:37:17Z
38376,Feature request: allow both up/down AND change in migrations,2020-02-02T23:57:51Z,2020-02-03T13:40:40Z
38377,Hi how to compress the html.erb file by removing white spaces ,2020-02-03T07:07:10Z,2020-02-03T17:46:32Z
38380,has_many with through: and dependent: :destroy options destroys join table,2020-02-03T22:28:23Z,2020-02-04T20:25:06Z
38390,*,2020-02-05T17:06:53Z,2020-02-05T17:07:14Z
38391,"ActiveJob TestHelper retries jobs indefinitely, doesn't call #deserialize on jobs",2020-02-05T19:52:56Z,2020-02-12T18:04:54Z
38397,Defining `default_scope` class method doesn't work,2020-02-06T14:44:02Z,2020-02-06T15:04:15Z
38404,Using backticks in erb files will produce standard production error in development mode,2020-02-07T10:58:24Z,2020-02-07T11:39:19Z
38405,Unable to access private class methods from a Scope,2020-02-07T12:34:07Z,2020-02-08T08:47:46Z
38406,Config files live reload on filesystem changes,2020-02-07T14:11:22Z,2020-02-11T22:39:06Z
38407,"Rails decorators, overriding a Rails Engine from another Engine",2020-02-07T16:28:17Z,2020-02-07T19:46:55Z
38411,responses to HEAD requests have no Content-Length,2020-02-07T21:35:36Z,2020-02-17T15:13:35Z
38414,Webpacker issues with Rails 6.0.2.1,2020-02-08T00:23:14Z,2020-02-08T20:39:07Z
38415,Parenthesis in directory name causes a ' is missing a template for request formats: text/html' error,2020-02-08T06:56:48Z,2020-02-15T07:18:15Z
38416,Namespacing Issues,2020-02-09T01:58:27Z,2020-02-14T22:26:10Z
38420,Rack 2.2.1 introduces Action Pack behavior changes,2020-02-09T19:49:33Z,2020-02-11T04:02:11Z
38423,Setting model association `source_type` to polymorphic object,2020-02-09T23:08:14Z,2020-02-10T00:07:12Z
38424,DRb::DRbServerNotFound (DRb::DRbServerNotFound) when running rails test,2020-02-10T13:56:45Z,2020-02-26T15:40:25Z
38426,Ruby 2.7 support for 5.2.x?,2020-02-10T18:02:43Z,2020-02-10T22:00:50Z
38431,Rails swallows exceptions when loading models/controllers in certain cases,2020-02-11T13:04:24Z,2020-02-11T13:27:48Z
38439,Make ActiveSupport::Concern also prepend ClassMethods,2020-02-12T10:24:15Z,2020-02-14T19:40:13Z
38440,Rails 6 Multiple databases: model connection_config missing database property,2020-02-12T10:55:07Z,2020-02-12T15:03:42Z
38446,Action Mailbox: Live ingress BCC?,2020-02-13T15:18:35Z,2020-03-13T20:35:27Z
38447,need better error message on csrf token exception,2020-02-13T15:48:34Z,2020-03-02T14:25:30Z
38451,Support bundler 2.1.4 with rails 5.x,2020-02-13T23:32:36Z,2020-02-13T23:59:31Z
38454,Rails 6.0.2.1 and ruby 2.7.0 many warnings,2020-02-14T03:48:07Z,2020-02-14T03:53:58Z
38455,Autoloading of module scoped concerns not supported by default?,2020-02-14T09:43:19Z,2020-02-14T19:13:06Z
38456,Error installing rails:,2020-02-14T12:15:02Z,2020-02-17T06:37:06Z
38458,ActionController::InvalidAuthenticityToken error on rails 5.2.4.1,2020-02-14T14:05:25Z,2020-02-14T19:44:45Z
38459,Creating an application from local branch of Rails fails.,2020-02-14T15:39:23Z,2020-02-16T23:33:33Z
38460,Doc links pointing to a 404 page on github,2020-02-14T16:26:17Z,2020-02-14T16:45:53Z
38466,ActionController::Live regression - broken with Rack 2.2,2020-02-15T18:09:27Z,2020-03-12T19:26:08Z
38470,Parallel test databases still exist after testing,2020-02-16T18:04:57Z,2020-02-17T13:52:07Z
38471,ActionMailbox Mailgun needs signing key,2020-02-16T18:38:44Z,2020-02-21T16:33:39Z
38486,Having trouble with getting definitions from the database and dumping it to a text file,2020-02-17T19:14:10Z,2020-02-17T20:24:12Z
38488,Database.ylm,2020-02-17T20:38:54Z,2020-02-17T23:49:23Z
38493,rails server issue,2020-02-18T00:15:57Z,2020-02-18T02:25:34Z
38502,Rails: Creating new Rails App - timing / execution issue,2020-02-18T17:10:34Z,2020-02-18T17:51:37Z
38513,Rollback migrations in a multiple database application.,2020-02-19T13:38:22Z,2020-03-19T21:16:51Z
38514,Stop using CoffeeScript in Rails Guides,2020-02-19T16:57:27Z,2020-02-19T17:01:25Z
38522,ActiveSecret module request,2020-02-20T00:47:28Z,2020-02-20T10:14:59Z
38528,calling any? with block over error.details is leaving empty keys,2020-02-20T12:57:39Z,2020-03-05T17:13:11Z
38532,Cannot pass options to cache_store memory_store ,2020-02-20T16:08:23Z,2020-02-24T17:37:26Z
38535,Support disable_ddl_transaction for up and down Directions Independently,2020-02-20T19:46:33Z,2020-02-20T20:27:25Z
38546,Action Pack unit tests fail using ruby 2.8.0dev,2020-02-22T04:25:06Z,2020-03-01T09:53:41Z
38548,`connected_to` isn't using specified database on first request,2020-02-22T05:10:57Z,2020-02-22T15:08:03Z
38556, Improper example sentence about javascript_tag,2020-02-23T00:10:14Z,2020-02-25T22:32:37Z
38557,ActiveRecord::Associations::Preloader does not eager load with conditions,2020-02-23T03:26:16Z,2020-02-24T20:49:09Z
38560,[__NSCFConstantString initialize] may have been in progress in another thread when fork() was called,2020-02-24T04:01:51Z,2020-02-24T19:48:28Z
38561,.present? on an ActiveRecord object triggering after_save callback,2020-02-24T10:16:44Z,2020-03-09T22:56:19Z
38578,Blocking transactions in test environment with row locks,2020-02-26T11:33:00Z,2020-02-28T13:55:37Z
38582,keeps on generating new thread for ActiveRecord establish connection,2020-02-27T04:24:30Z,2020-02-27T19:31:52Z
38584,ActiveJob perform_enqueued_jobs filters out enqueued jobs,2020-02-27T15:08:12Z,2020-04-08T21:22:25Z
38589,Getting Started with Rails: rails server fails when Yarn is not installed,2020-02-27T21:13:55Z,2020-02-27T22:02:13Z
38596,ActionView::Template::Error: Missing host to link to! in production,2020-02-28T04:27:14Z,2020-03-01T17:58:27Z
38607,Rails 5.1.4 active storage MissingModelIdError,2020-02-28T15:45:32Z,2020-03-02T22:37:17Z
38612,yarn install breaks on node12 LTS,2020-02-29T16:16:04Z,2020-03-21T20:31:55Z
38613,Action Text and Action View unit tests are failing with ruby 2.8.0dev,2020-03-01T11:42:54Z,2020-04-11T11:40:53Z
38617,thread_mattr_* values are overwritten in tests ,2020-03-02T09:18:20Z,2020-03-02T15:54:09Z
38619,Failing to start mysql on rails app,2020-03-02T13:02:27Z,2020-03-02T13:08:54Z
38621,ActiveRecord Attributes is better returning HashWithIndifferentAccess,2020-03-02T15:17:48Z,2020-03-02T16:08:03Z
38622,Activerecord loose parameters in mysql requests in RACK_ENV=production,2020-03-02T15:33:46Z,2020-03-03T14:13:47Z
38626,Could not find gem 'sqlite3 (~> 1.4) x64-mingw32' in any of the gem sources listed in your Gemfile.,2020-03-03T06:55:11Z,2020-03-03T19:34:00Z
38629,ActiveJob::Serializers::ObjectSerializer documentation error,2020-03-03T17:58:44Z,2020-03-03T19:31:18Z
38632,Public access on Disk service,2020-03-03T21:12:10Z,2020-03-04T14:27:52Z
38633,TypeError: can't quote Hash,2020-03-04T09:24:33Z,2020-03-04T10:22:06Z
38637,azure-storage rails 5.2.3 ActiveStorage::IntegrityError,2020-03-04T15:13:55Z,2020-03-05T01:02:16Z
38639,plain 'rails new' raises while creating files,2020-03-04T16:50:33Z,2020-03-04T18:41:23Z
38645,rails new -d sqlite3 app looking for postgres,2020-03-04T20:42:11Z,2020-03-04T21:47:54Z
38648,Notice on logging performance plagiarized?,2020-03-05T10:09:28Z,2020-03-05T23:09:45Z
38649,Following the guides and create a new project with ruby 2.5.0 fails,2020-03-05T10:47:50Z,2020-03-12T22:09:11Z
38650,Allow using concerns in scope blocks,2020-03-05T13:06:39Z,2020-03-05T13:12:33Z
38651,Referencing a non-existent asset with an accent in the filename causes a 500 error & no backtrace,2020-03-05T13:35:58Z,2020-03-05T14:17:36Z
38652,Visionaryâ€™s ,2020-03-05T14:03:34Z,2020-03-05T14:17:16Z
38653,Vision,2020-03-05T14:04:06Z,2020-03-05T14:17:22Z
38654,RailsInstaller not compatible with today's Rails,2020-03-05T16:18:51Z,2020-03-09T17:57:08Z
38664,ActiveStorage direct upload inserts blob even though upload to aws s3 fails when aws bucket region is wrong,2020-03-06T05:09:49Z,2020-03-15T22:15:16Z
38671,zeitwerk: expected file to define constant Generators:: for custom rails generators,2020-03-06T22:23:43Z,2020-03-06T22:34:01Z
38678,"May I know how to solve with ""dependency tzinfo-data (>= 0) will be unused"" from the root cause",2020-03-08T13:44:58Z,2020-03-09T17:55:31Z
38679,`FrozenError: can't modify frozen Array` when reusing callback arguments,2020-03-09T01:39:43Z,2020-04-06T10:51:07Z
38680, The `primary_replica` database is not configured for the `development` environment.,2020-03-09T03:40:54Z,2020-03-09T20:08:43Z
38685,sql_color is slow for long sql queries,2020-03-09T21:16:50Z,2020-03-12T14:54:31Z
38687,Use non-exist enum string to get unrelated record in My SQL,2020-03-10T01:53:01Z,2020-03-18T15:54:47Z
38692,ajax stop method is not working in rails 6 with colorbox.,2020-03-10T13:31:18Z,2020-03-22T22:30:59Z
38696,JSON.parse incorrect precision,2020-03-10T21:17:01Z,2020-03-10T21:51:49Z
38698,Strong parameters converts nested arrays of numbers into flat array of strings,2020-03-11T13:17:38Z,2020-03-12T21:53:08Z
38715,[ActiveStorage] ActiveSupport::MessageVerifier::InvalidSignature ,2020-03-13T11:02:50Z,2020-03-13T20:44:35Z
38716,`insert_all` does not work properly with enums as it does not cast types,2020-03-13T15:56:02Z,2020-03-21T15:26:01Z
38723,Upgrading from 5.2 to Rails 6: #<ActionView::Template::Error: undefined method `start_with?' for /\.(?:svg|eot|woff|ttf)$/:Regexp>,2020-03-13T21:41:28Z,2020-03-16T21:38:37Z
38724,has_many through raises NotImplementedError when primary keys are UUID,2020-03-13T21:54:34Z,2020-03-13T22:13:39Z
38725,How can I define namespaces in the app directory?,2020-03-13T22:59:44Z,2020-03-15T21:08:09Z
38726,Loading module and namespaced classes from directory structure,2020-03-13T23:04:57Z,2020-03-19T21:50:24Z
38730,Webpacker makes Rails not fun any longer,2020-03-14T14:36:20Z,2020-03-15T22:48:07Z
38740,Missing HTTPS on rubyonrails.org links,2020-03-15T19:50:24Z,2020-03-16T17:15:56Z
38741,Scopes leak through unscoped in before_validation callback,2020-03-16T01:05:22Z,2020-04-11T18:26:54Z
38746,unable to store images in body field using action_text when press save button active admin,2020-03-16T09:46:55Z,2020-03-17T04:06:47Z
38750,Disable creation of ar_internal_metadata table,2020-03-16T20:31:20Z,2020-04-28T01:15:01Z
38753,undefined method `retry_on' for ActiveStorage::AnalyzeJob:Class (NoMethodError),2020-03-17T05:33:13Z,2020-03-17T07:51:58Z
38754,Rails.application.credentials.aws reserved for aws credentials?,2020-03-17T07:08:44Z,2020-04-03T14:36:16Z
38762,rails cannot install successfully,2020-03-18T15:24:40Z,2020-03-18T15:53:41Z
38764,Action Text doesn't update retroactively,2020-03-19T07:56:59Z,2020-03-25T23:39:58Z
38768,api.rubyonrails.org is clipping the left panel on chrome/chromium linux,2020-03-19T18:57:05Z,2020-03-19T20:15:57Z
38771,StiPreload code example broken if models have default scopes,2020-03-19T23:03:25Z,2020-03-19T23:26:18Z
38777,Beginless range in where condition does not match behavior of endless range.,2020-03-20T17:29:35Z,2020-03-22T20:29:30Z
38780,"Rails 5.2: ActionController::Live does not stream responses, instead returns entire response at once",2020-03-20T21:58:15Z,2020-03-20T22:06:47Z
38790,Arel documentation,2020-03-22T00:24:23Z,2020-03-22T16:02:18Z
38792,something went wrong in DEVELOPMENT when using $variable in scss,2020-03-22T15:37:10Z,2020-03-22T21:29:32Z
38804,Do you have plan releases?,2020-03-23T21:31:00Z,2020-03-23T21:39:39Z
38809,v6.0.2.2 tagged but not released?,2020-03-24T20:34:45Z,2020-03-24T20:48:26Z
38811,Association using unscope: NoMethodError: undefined method `children' for nil:NilClass,2020-03-24T21:23:10Z,2020-04-16T01:57:54Z
38817,Mime-Type of S3 object is null,2020-03-25T15:10:38Z,2020-03-26T01:42:35Z
38818,...,2020-03-25T15:12:21Z,2020-04-03T20:36:34Z
38822,Backward incompatible change of Hash#deep_merge? (as of Rails 5.2),2020-03-26T01:37:48Z,2020-03-28T01:59:17Z
38824,Unexpected result when adding units to DateTime instance,2020-03-26T15:51:41Z,2020-03-26T18:20:24Z
38825,Asset pipeline can't find assets in development mode,2020-03-26T16:24:02Z,2020-03-26T18:17:29Z
38828,ActiveSupport::Rescuable in a model doesn't seem to work,2020-03-26T21:19:06Z,2020-03-26T21:22:08Z
38832,Other pluralization should be fallback for missing pluralization keys,2020-03-27T11:54:44Z,2020-03-27T12:11:24Z
38835,"""rails new app"" failed",2020-03-27T21:26:59Z,2020-03-27T21:57:27Z
38842,ETag middleware possibly preventing SSE,2020-03-29T23:37:36Z,2020-03-30T19:06:03Z
38847,"""indexes(:table)"" is not working with partitioned tables in postgresql 11",2020-03-30T19:24:10Z,2020-03-30T20:53:53Z
38856,Unable to run System tests without Chrome binaries available,2020-03-31T20:47:48Z,2020-04-01T21:00:47Z
38860,Sql injection from brakeman for Order by field in rails,2020-04-01T15:27:59Z,2020-04-01T15:43:37Z
38861,Mailer previews with extract_css: false in webpacker,2020-04-01T15:42:22Z,2020-04-02T14:54:00Z
38862,[Rails 6.0.2.2] - Unable to set MySql database name,2020-04-01T22:10:41Z,2020-04-01T22:23:38Z
38868,Rails 6: Invalid class method in controller causes controller to be silently ignored,2020-04-03T07:36:01Z,2020-04-04T14:07:21Z
38876,ActiveStorage `method_missing': undefined method `has_one_attached',2020-04-05T12:59:06Z,2020-04-05T18:56:13Z
38877,"action_text/engine.rb:43: [BUG] Segmentation fault at 0x000070000246ce08""",2020-04-05T14:24:45Z,2020-04-05T19:31:49Z
38879,how to enable woff woff2 compress gzip by assets pipeline,2020-04-06T02:53:47Z,2020-04-06T02:55:29Z
38881,DEPRECATION WARNING: Class level methods will no longer inherit scoping from `create!`,2020-04-06T12:16:07Z,2020-04-12T01:54:37Z
38882,Guides Issue: Anchor links miss their target in Safari,2020-04-06T14:19:38Z,2020-04-11T17:26:02Z
38886,Class not loaded when in the same namespace as gem's classes,2020-04-06T22:24:37Z,2020-04-08T07:59:41Z
38894,Rails 6.0.2.2 'new' command fails silently if 'git' is not available,2020-04-07T22:13:03Z,2020-04-07T22:35:46Z
38896,"Rails 6, Zeitwerk, Act_as_helper",2020-04-08T02:00:26Z,2020-04-08T02:51:44Z
38897,rename-column ignore column property except type.,2020-04-08T03:15:47Z,2020-04-20T08:55:43Z
38906,SECRET_KEY_BASE in Environment Specific Credentials not found,2020-04-09T10:35:22Z,2020-04-13T20:16:44Z
38907,Invoke a callback before retrying a job,2020-04-09T17:04:29Z,2020-04-09T17:27:06Z
38908,Engine assets guide,2020-04-09T18:32:06Z,2020-04-27T17:38:21Z
38911,The purpose of code in the retry_on block is not evident,2020-04-09T20:40:29Z,2020-04-09T21:03:02Z
38913,Missing documentation on testing json body posts in integration tests,2020-04-10T02:25:20Z,2020-04-28T20:06:06Z
38919,"Edit (but not create) Forms rendered through javascript using ERB appear to have their contents come after the close </form> tag, not within the form as expected",2020-04-10T14:28:04Z,2020-04-10T15:38:22Z
38921,HABTM sort order,2020-04-10T21:53:53Z,2020-04-10T22:01:55Z
38924,"Allow silencing ""Rails couldn't infer whether you are using multiple databases"" warnings",2020-04-11T19:35:29Z,2020-04-13T15:58:20Z
38925,Creating a new Rails application using `rails new` results in error,2020-04-11T21:22:40Z,2020-04-11T22:08:38Z
38931,When running `zeitwerk:check`: undefined method 'eager_load_paths' for I18n::Config,2020-04-13T01:40:19Z,2020-04-13T07:50:45Z
38932,ActiveStorage attachment destroyed in race condition,2020-04-13T01:55:00Z,2020-04-13T21:37:08Z
38933,A comment at the beginning of SQL breaks the result of ActiveRecord::ConnectionAdapters::PostgreSQL::DatabaseStatements#write_query?,2020-04-13T02:19:52Z,2020-04-13T07:47:46Z
38935,A Rails Engine that overrides models from another engine isn't passing zeitwerk checks,2020-04-13T11:02:07Z,2020-04-14T14:04:50Z
38937,Builder::XmlMarkup throws error in environment with predefined Builder module,2020-04-13T19:45:46Z,2020-04-13T20:12:23Z
